Electrostatic potential parameters

Grid information (see 1_default_grid.dat in Angstrom)
    Number of grid points:            1075

Quantum electrostatic potential (see 1_default_grid_esp.dat)

Constraints
    Charge constraints
        Total charge of   0.06752670 on the set   2
        Total charge of   0.08393883 on the set   3
        Total charge of  -0.46785215 on the set   4
        Total charge of   0.12070423 on the set   5
        Total charge of  -0.09084116 on the set   6
        Total charge of   0.35834394 on the set   7
        Total charge of  -0.49495300 on the set   8
        Total charge of  -0.04696923 on the set   9
        Total charge of   0.37000330 on the set  11
        Total charge of  -0.53027839 on the set  12
        Total charge of   0.01788366 on the set  13
        Total charge of   0.17379156 on the set  18
    Equality constraints
        Equal charges on atoms
                                 15  16  17
                                 19  20  21
                                 22  23  24

Restraint
    Hyperbolic restraint to a charge of zero
    Hydrogen atoms are not restrained
    resp_a:                           0.0010
    resp_b:                           0.1000

Fit

Electrostatic Potential Charges
   Center  Symbol       ESP      RESP
      1    C      -0.24802942 -0.20810013
      2    N       0.06752670  0.06752670
      3    C       0.08393883  0.08393883
      4    N      -0.46785215 -0.46785215
      5    C       0.12070423  0.12070423
      6    C      -0.09084116 -0.09084116
      7    C       0.35834394  0.35834394
      8    O      -0.49495300 -0.49495300
      9    N      -0.04696923 -0.04696923
     10    C      -0.03932726 -0.02877630
     11    C       0.37000330  0.37000330
     12    O      -0.53027839 -0.53027839
     13    N       0.01788366  0.01788366
     14    C       0.04028919  0.01153958
     15    H       0.12483303  0.11234479
     16    H       0.12483303  0.11234479
     17    H       0.12483303  0.11234479
     18    H       0.17379156  0.17379156
     19    H       0.06318744  0.06012364
     20    H       0.06318744  0.06012364
     21    H       0.06318744  0.06012364
     22    H       0.04056927  0.04887776
     23    H       0.04056927  0.04887776
     24    H       0.04056927  0.04887776
Total Charge:     -0.00000000  0.00000000
