                      :-) GROMACS - gmx mdrun, 2023.3 (-:

Copyright 1991-2023 The GROMACS Authors.
GROMACS is free software; you can redistribute it and/or modify it
under the terms of the GNU Lesser General Public License
as published by the Free Software Foundation; either version 2.1
of the License, or (at your option) any later version.

                         Current GROMACS contributors:
       Mark Abraham           Andrey Alekseenko           Cathrine Bergh      
      Christian Blau            Eliane Briand             Mahesh Doijade      
    Stefan Fleischmann           Vytas Gapsys              Gaurav Garg        
      Sergey Gorelov         Gilles Gouaillardet            Alan Gray         
     M. Eric Irrgang         Farzaneh Jalalypour            Joe Jordan        
    Christoph Junghans        Prashanth Kanduri          Sebastian Keller     
     Carsten Kutzner           Justin A. Lemkul          Magnus Lundborg      
       Pascal Merz              Vedran Miletic            Dmitry Morozov      
       Szilard Pall             Roland Schulz             Michael Shirts      
     Alexey Shvetsov            Balint Soproni         David van der Spoel    
      Philip Turner             Carsten Uphoff           Alessandra Villa     
 Sebastian Wingbermuehle        Artem Zhmurov       

                         Previous GROMACS contributors:
        Emile Apol             Rossen Apostolov           James Barnett       
  Herman J.C. Berendsen          Par Bjelkmar           Viacheslav Bolnykh    
        Kevin Boyd            Aldert van Buuren          Carlo Camilloni      
     Rudi van Drunen            Anton Feenstra           Oliver Fleetwood     
     Gerrit Groenhof            Bert de Groot             Anca Hamuraru       
    Vincent Hindriksen          Victor Holanda           Aleksei Iupinov      
   Dimitrios Karkoulis           Peter Kasson             Sebastian Kehl      
        Jiri Kraus               Per Larsson              Viveca Lindahl      
      Erik Marklund           Pieter Meulenhoff           Teemu Murtola       
       Sander Pronk             Alfons Sijbers            Peter Tieleman      
       Jon Vincent             Teemu Virolainen         Christian Wennberg    
       Maarten Wolf       

                  Coordinated by the GROMACS project leaders:
                    Paul Bauer, Berk Hess, and Erik Lindahl

GROMACS:      gmx mdrun, version 2023.3
Executable:   /ext3/apps/gromacs/2023.3/openmpi/intel/bin/gmx_mpi
Data prefix:  /ext3/apps/gromacs/2023.3/openmpi/intel
Working dir:  /home/fh2268/comp-lab-class-2024/Week4-CharmmGuiSetup/Setup/Wat_NaCl/gromacs
Process ID:   236876
Command line:
  gmx_mpi mdrun -v -deffnm step4.1_equilibration

GROMACS version:    2023.3
Precision:          mixed
Memory model:       64 bit
MPI library:        MPI
OpenMP support:     disabled
GPU support:        disabled
SIMD instructions:  AVX2_256
CPU FFT library:    fftw-3.3.8-sse2-avx-avx2-avx2_128
GPU FFT library:    none
Multi-GPU FFT:      none
RDTSCP usage:       enabled
TNG support:        enabled
Hwloc support:      disabled
Tracing support:    disabled
C compiler:         /share/apps/utils/intel/icc Intel 2021.5.0.20211109
C compiler flags:   -mavx2 -mfma -pthread -O3 -DNDEBUG
C++ compiler:       /share/apps/utils/intel/icpc Intel 2021.5.0.20211109
C++ compiler flags: -mavx2 -mfma -pthread -O3 -DNDEBUG
BLAS library:       External - detected on the system
LAPACK library:     External - detected on the system


Running on 10 nodes with total 240 cores, 240 processing units
  Cores per node:           24
  Logical processing units per node:   24
  OS CPU Limit / recommended threads to start per node:   24
Hardware detected on host cs072.hpc.nyu.edu (the node of MPI rank 0):
  CPU info:
    Vendor: Intel
    Brand:  Intel(R) Xeon(R) Platinum 8268 CPU @ 2.90GHz
    Family: 6   Model: 85   Stepping: 7
    Features: aes apic avx avx2 avx512f avx512cd avx512bw avx512vl avx512secondFMA clfsh cmov cx8 cx16 f16c fma htt intel lahf mmx msr nonstop_tsc pcid pclmuldq pdcm pdpe1gb popcnt pse rdrnd rdtscp sse2 sse3 sse4.1 sse4.2 ssse3 tdt x2apic
    Number of AVX-512 FMA units: 2
  Hardware topology: Basic
    Packages, cores, and logical processors:
    [indices refer to OS logical processors]
      Package  0: [   0] [   1] [   2] [   3] [   4] [   5] [   6] [   7] [   8] [   9] [  10] [  11] [  12] [  13] [  14] [  15] [  16] [  17] [  18] [  19] [  20] [  21] [  22] [  23]
    CPU limit set by OS: -1   Recommended max number of threads: 24

Likely fastest SIMD instructions supported by all nodes: AVX_512
SIMD instructions selected at compile time:              AVX2_256
Merely a note: it is unfortunately hard to know for sure which SIMD
instructons will perform best on this hardware. For non-GPU runs
on Intel CPUs with dual AVX-512 units, using AVX-512 can be good,
while AVX2 is often better for runs also using a GPU. Typically
this is just a few percent, so don't worry unless you are tuning.


++++ PLEASE READ AND CITE THE FOLLOWING REFERENCE ++++
M. J. Abraham, T. Murtola, R. Schulz, S. Páll, J. C. Smith, B. Hess, E.
Lindahl
GROMACS: High performance molecular simulations through multi-level
parallelism from laptops to supercomputers
SoftwareX 1 (2015) pp. 19-25
-------- -------- --- Thank You --- -------- --------


++++ PLEASE READ AND CITE THE FOLLOWING REFERENCE ++++
S. Páll, M. J. Abraham, C. Kutzner, B. Hess, E. Lindahl
Tackling Exascale Software Challenges in Molecular Dynamics Simulations with
GROMACS
In S. Markidis & E. Laure (Eds.), Solving Software Challenges for Exascale 8759 (2015) pp. 3-27
-------- -------- --- Thank You --- -------- --------


++++ PLEASE READ AND CITE THE FOLLOWING REFERENCE ++++
S. Pronk, S. Páll, R. Schulz, P. Larsson, P. Bjelkmar, R. Apostolov, M. R.
Shirts, J. C. Smith, P. M. Kasson, D. van der Spoel, B. Hess, and E. Lindahl
GROMACS 4.5: a high-throughput and highly parallel open source molecular
simulation toolkit
Bioinformatics 29 (2013) pp. 845-54
-------- -------- --- Thank You --- -------- --------


++++ PLEASE READ AND CITE THE FOLLOWING REFERENCE ++++
B. Hess and C. Kutzner and D. van der Spoel and E. Lindahl
GROMACS 4: Algorithms for highly efficient, load-balanced, and scalable
molecular simulation
J. Chem. Theory Comput. 4 (2008) pp. 435-447
-------- -------- --- Thank You --- -------- --------


++++ PLEASE READ AND CITE THE FOLLOWING REFERENCE ++++
D. van der Spoel, E. Lindahl, B. Hess, G. Groenhof, A. E. Mark and H. J. C.
Berendsen
GROMACS: Fast, Flexible and Free
J. Comp. Chem. 26 (2005) pp. 1701-1719
-------- -------- --- Thank You --- -------- --------


++++ PLEASE READ AND CITE THE FOLLOWING REFERENCE ++++
E. Lindahl and B. Hess and D. van der Spoel
GROMACS 3.0: A package for molecular simulation and trajectory analysis
J. Mol. Mod. 7 (2001) pp. 306-317
-------- -------- --- Thank You --- -------- --------


++++ PLEASE READ AND CITE THE FOLLOWING REFERENCE ++++
H. J. C. Berendsen, D. van der Spoel and R. van Drunen
GROMACS: A message-passing parallel molecular dynamics implementation
Comp. Phys. Comm. 91 (1995) pp. 43-56
-------- -------- --- Thank You --- -------- --------


++++ PLEASE CITE THE DOI FOR THIS VERSION OF GROMACS ++++
https://doi.org/10.5281/zenodo.10017686
-------- -------- --- Thank You --- -------- --------

Input Parameters:
   integrator                     = md
   tinit                          = 0
   dt                             = 0.001
   nsteps                         = 125000
   init-step                      = 0
   simulation-part                = 1
   mts                            = false
   comm-mode                      = Linear
   nstcomm                        = 100
   bd-fric                        = 0
   ld-seed                        = -677449793
   emtol                          = 10
   emstep                         = 0.01
   niter                          = 20
   fcstep                         = 0
   nstcgsteep                     = 1000
   nbfgscorr                      = 10
   rtpi                           = 0.05
   nstxout                        = 0
   nstvout                        = 0
   nstfout                        = 0
   nstlog                         = 1000
   nstcalcenergy                  = 100
   nstenergy                      = 1000
   nstxout-compressed             = 5000
   compressed-x-precision         = 1000
   cutoff-scheme                  = Verlet
   nstlist                        = 20
   pbc                            = xyz
   periodic-molecules             = false
   verlet-buffer-tolerance        = 0.005
   rlist                          = 1.2
   coulombtype                    = PME
   coulomb-modifier               = Potential-shift
   rcoulomb-switch                = 0
   rcoulomb                       = 1.2
   epsilon-r                      = 1
   epsilon-rf                     = inf
   vdw-type                       = Cut-off
   vdw-modifier                   = Force-switch
   rvdw-switch                    = 1
   rvdw                           = 1.2
   DispCorr                       = No
   table-extension                = 1
   fourierspacing                 = 0.12
   fourier-nx                     = 42
   fourier-ny                     = 42
   fourier-nz                     = 42
   pme-order                      = 4
   ewald-rtol                     = 1e-05
   ewald-rtol-lj                  = 0.001
   lj-pme-comb-rule               = Geometric
   ewald-geometry                 = 3d
   epsilon-surface                = 0
   ensemble-temperature-setting   = constant
   ensemble-temperature           = 300
   tcoupl                         = V-rescale
   nsttcouple                     = 100
   nh-chain-length                = 0
   print-nose-hoover-chain-variables = false
   pcoupl                         = No
   pcoupltype                     = Isotropic
   nstpcouple                     = -1
   tau-p                          = 1
   compressibility (3x3):
      compressibility[    0]={ 0.00000e+00,  0.00000e+00,  0.00000e+00}
      compressibility[    1]={ 0.00000e+00,  0.00000e+00,  0.00000e+00}
      compressibility[    2]={ 0.00000e+00,  0.00000e+00,  0.00000e+00}
   ref-p (3x3):
      ref-p[    0]={ 0.00000e+00,  0.00000e+00,  0.00000e+00}
      ref-p[    1]={ 0.00000e+00,  0.00000e+00,  0.00000e+00}
      ref-p[    2]={ 0.00000e+00,  0.00000e+00,  0.00000e+00}
   refcoord-scaling               = No
   posres-com (3):
      posres-com[0]= 0.00000e+00
      posres-com[1]= 0.00000e+00
      posres-com[2]= 0.00000e+00
   posres-comB (3):
      posres-comB[0]= 0.00000e+00
      posres-comB[1]= 0.00000e+00
      posres-comB[2]= 0.00000e+00
   QMMM                           = false
qm-opts:
   ngQM                           = 0
   constraint-algorithm           = Lincs
   continuation                   = false
   Shake-SOR                      = false
   shake-tol                      = 0.0001
   lincs-order                    = 4
   lincs-iter                     = 1
   lincs-warnangle                = 30
   nwall                          = 0
   wall-type                      = 9-3
   wall-r-linpot                  = -1
   wall-atomtype[0]               = -1
   wall-atomtype[1]               = -1
   wall-density[0]                = 0
   wall-density[1]                = 0
   wall-ewald-zfac                = 3
   pull                           = false
   awh                            = false
   rotation                       = false
   interactiveMD                  = false
   disre                          = No
   disre-weighting                = Conservative
   disre-mixed                    = false
   dr-fc                          = 1000
   dr-tau                         = 0
   nstdisreout                    = 100
   orire-fc                       = 0
   orire-tau                      = 0
   nstorireout                    = 100
   free-energy                    = no
   cos-acceleration               = 0
   deform (3x3):
      deform[    0]={ 0.00000e+00,  0.00000e+00,  0.00000e+00}
      deform[    1]={ 0.00000e+00,  0.00000e+00,  0.00000e+00}
      deform[    2]={ 0.00000e+00,  0.00000e+00,  0.00000e+00}
   simulated-tempering            = false
   swapcoords                     = no
   userint1                       = 0
   userint2                       = 0
   userint3                       = 0
   userint4                       = 0
   userreal1                      = 0
   userreal2                      = 0
   userreal3                      = 0
   userreal4                      = 0
   applied-forces:
     electric-field:
       x:
         E0                       = 0
         omega                    = 0
         t0                       = 0
         sigma                    = 0
       y:
         E0                       = 0
         omega                    = 0
         t0                       = 0
         sigma                    = 0
       z:
         E0                       = 0
         omega                    = 0
         t0                       = 0
         sigma                    = 0
     density-guided-simulation:
       active                     = false
       group                      = protein
       similarity-measure         = inner-product
       atom-spreading-weight      = unity
       force-constant             = 1e+09
       gaussian-transform-spreading-width = 0.2
       gaussian-transform-spreading-range-in-multiples-of-width = 4
       reference-density-filename = reference.mrc
       nst                        = 1
       normalize-densities        = true
       adaptive-force-scaling     = false
       adaptive-force-scaling-time-constant = 4
       shift-vector               = 
       transformation-matrix      = 
     qmmm-cp2k:
       active                     = false
       qmgroup                    = System
       qmmethod                   = PBE
       qmfilenames                = 
       qmcharge                   = 0
       qmmultiplicity             = 1
grpopts:
   nrdf:       23295
   ref-t:         300
   tau-t:           1
annealing:          No
annealing-npoints:           0
   acc:	           0           0           0
   nfreeze:           N           N           N
   energygrp-flags[  0]: 0

Changing nstlist from 20 to 100, rlist from 1.2 to 1.298


Initializing Domain Decomposition on 240 ranks
Dynamic load balancing: auto
Using update groups, nr 3890, average size 3.0 atoms, max. radius 0.078 nm
Minimum cell size due to atom displacement: 0.296 nm
Scaling the initial minimum size with 1/0.8 (option -dds) = 1.25
Guess for relative PME load: 0.15
Will use 200 particle-particle and 40 PME only ranks
This is a guess, check the performance at the end of the log file
Using 40 separate PME ranks, as guessed by mdrun
Optimizing the DD grid for 200 cells with a minimum initial size of 0.370 nm
The maximum allowed number of cells is: X 13 Y 13 Z 13
Domain decomposition grid 8 x 5 x 5, separate PME ranks 40
PME domain decomposition: 8 x 5 x 1
Interleaving PP and PME ranks
This rank does only particle-particle work.
Domain decomposition rank 0, coordinates 0 0 0

The initial number of communication pulses is: X 3 Y 2 Z 2
The initial domain decomposition cell size is: X 0.62 nm Y 1.00 nm Z 1.00 nm

When dynamic load balancing gets turned on, these settings will change to:
The maximum number of communication pulses is: X 3 Y 3 Z 3
The minimum size for domain decomposition cells is 0.485 nm
The requested allowed shrink of DD cells (option -dds) is: 0.80
The allowed shrink of domain decomposition cells is: X 0.78 Y 0.48 Z 0.48
Using two step summing over 10 groups of on average 20.0 ranks


Using 240 MPI processes

Non-default thread affinity set, disabling internal thread affinity
System total charge: 0.000
Will do PME sum in reciprocal space for electrostatic interactions.

++++ PLEASE READ AND CITE THE FOLLOWING REFERENCE ++++
U. Essmann, L. Perera, M. L. Berkowitz, T. Darden, H. Lee and L. G. Pedersen 
A smooth particle mesh Ewald method
J. Chem. Phys. 103 (1995) pp. 8577-8592
-------- -------- --- Thank You --- -------- --------

Using a Gaussian width (1/beta) of 0.384195 nm for Ewald
Potential shift: LJ r^-12: -2.648e-01 r^-6: -5.349e-01, Ewald -8.333e-06
Initialized non-bonded Coulomb Ewald tables, spacing: 1.02e-03 size: 1176



Using SIMD 4x8 nonbonded short-range kernels

Using a dual 4x8 pair-list setup updated with dynamic pruning:
  outer list: updated every 100 steps, buffer 0.098 nm, rlist 1.298 nm
  inner list: updated every  23 steps, buffer 0.001 nm, rlist 1.201 nm
At tolerance 0.005 kJ/mol/ps per atom, equivalent classical 1x1 list would be:
  outer list: updated every 100 steps, buffer 0.227 nm, rlist 1.427 nm
  inner list: updated every  23 steps, buffer 0.046 nm, rlist 1.246 nm

The non-bonded pair calculation algorithm tolerates a few missing pair interactions close to the cut-off. This can lead to a systematic overestimation of the pressure due to missing LJ interactions. The error in the average pressure due to missing LJ interactions is at most 0.03 bar.
The pressure error can be controlled by setting the environment variable GMX_VERLET_BUFFER_PRESSURE_TOLERANCE to the allowed error in units of bar.
Removing pbc first time

Linking all bonded interactions to atoms


++++ PLEASE READ AND CITE THE FOLLOWING REFERENCE ++++
S. Miyamoto and P. A. Kollman
SETTLE: An Analytical Version of the SHAKE and RATTLE Algorithms for Rigid
Water Models
J. Comp. Chem. 13 (1992) pp. 952-962
-------- -------- --- Thank You --- -------- --------


Intra-simulation communication will occur every 100 steps.

++++ PLEASE READ AND CITE THE FOLLOWING REFERENCE ++++
G. Bussi, D. Donadio and M. Parrinello
Canonical sampling through velocity rescaling
J. Chem. Phys. 126 (2007) pp. 014101
-------- -------- --- Thank You --- -------- --------

There are: 11642 Atoms
Atom distribution over 200 domains: av 58 stddev 9 min 40 max 78

Constraining the starting coordinates (step 0)

Constraining the coordinates at t0-dt (step 0)
Center of mass motion removal mode is Linear
We have the following groups for center of mass motion removal:
  0:  SOLV
RMS relative constraint deviation after constraining: 0.00e+00
Initial temperature: 299.324 K

Started mdrun on rank 0 Thu Sep 26 16:12:32 2024

           Step           Time
              0        0.00000

   Energies (kJ/mol)
        LJ (SR)   Coulomb (SR)   Coul. recip.      Potential    Kinetic En.
    2.55365e+04   -2.12199e+05    6.21800e+02   -1.86040e+05    2.89921e+04
   Total Energy  Conserved En.    Temperature Pressure (bar)
   -1.57048e+05   -1.57048e+05    2.99373e+02   -1.56700e+03


DD  step 99 load imb.: force 25.4%  pme mesh/force 0.847

DD  step 999 load imb.: force 20.5%  pme mesh/force 1.144
           Step           Time
           1000        1.00000

   Energies (kJ/mol)
        LJ (SR)   Coulomb (SR)   Coul. recip.      Potential    Kinetic En.
    1.97943e+04   -1.93334e+05    4.23433e+02   -1.73116e+05    2.33031e+04
   Total Energy  Conserved En.    Temperature Pressure (bar)
   -1.49813e+05   -1.57004e+05    2.40628e+02   -1.97527e+03


DD  step 1999 load imb.: force 22.4%  pme mesh/force 1.243
           Step           Time
           2000        2.00000

   Energies (kJ/mol)
        LJ (SR)   Coulomb (SR)   Coul. recip.      Potential    Kinetic En.
    2.00774e+04   -1.90206e+05    4.86307e+02   -1.69643e+05    2.48409e+04
   Total Energy  Conserved En.    Temperature Pressure (bar)
   -1.44802e+05   -1.57003e+05    2.56507e+02   -1.26172e+03


DD  step 2999 load imb.: force 23.1%  pme mesh/force 1.268
           Step           Time
           3000        3.00000

   Energies (kJ/mol)
        LJ (SR)   Coulomb (SR)   Coul. recip.      Potential    Kinetic En.
    1.83660e+04   -1.85975e+05    4.98358e+02   -1.67110e+05    2.60565e+04
   Total Energy  Conserved En.    Temperature Pressure (bar)
   -1.41054e+05   -1.57005e+05    2.69060e+02   -1.64748e+03


DD  step 3999 load imb.: force 16.5%  pme mesh/force 1.185
           Step           Time
           4000        4.00000

   Energies (kJ/mol)
        LJ (SR)   Coulomb (SR)   Coul. recip.      Potential    Kinetic En.
    1.79361e+04   -1.83799e+05    5.18898e+02   -1.65344e+05    2.69823e+04
   Total Energy  Conserved En.    Temperature Pressure (bar)
   -1.38362e+05   -1.57008e+05    2.78620e+02   -1.52360e+03


DD  step 4999 load imb.: force 17.0%  pme mesh/force 1.144
           Step           Time
           5000        5.00000

   Energies (kJ/mol)
        LJ (SR)   Coulomb (SR)   Coul. recip.      Potential    Kinetic En.
    1.83287e+04   -1.83495e+05    5.48693e+02   -1.64617e+05    2.74021e+04
   Total Energy  Conserved En.    Temperature Pressure (bar)
   -1.37215e+05   -1.57007e+05    2.82955e+02   -1.14088e+03


DD  step 5999 load imb.: force 21.2%  pme mesh/force 1.193
           Step           Time
           6000        6.00000

   Energies (kJ/mol)
        LJ (SR)   Coulomb (SR)   Coul. recip.      Potential    Kinetic En.
    1.79335e+04   -1.82233e+05    5.12085e+02   -1.63788e+05    2.76879e+04
   Total Energy  Conserved En.    Temperature Pressure (bar)
   -1.36100e+05   -1.57008e+05    2.85906e+02   -1.16985e+03


DD  step 6999 load imb.: force 18.5%  pme mesh/force 1.210
           Step           Time
           7000        7.00000

   Energies (kJ/mol)
        LJ (SR)   Coulomb (SR)   Coul. recip.      Potential    Kinetic En.
    1.73090e+04   -1.80975e+05    5.33566e+02   -1.63133e+05    2.81336e+04
   Total Energy  Conserved En.    Temperature Pressure (bar)
   -1.34999e+05   -1.57010e+05    2.90508e+02   -1.36551e+03


DD  step 7999 load imb.: force 20.8%  pme mesh/force 1.168
           Step           Time
           8000        8.00000

   Energies (kJ/mol)
        LJ (SR)   Coulomb (SR)   Coul. recip.      Potential    Kinetic En.
    1.77785e+04   -1.80964e+05    5.61539e+02   -1.62624e+05    2.82515e+04
   Total Energy  Conserved En.    Temperature Pressure (bar)
   -1.34372e+05   -1.57011e+05    2.91725e+02   -1.02385e+03


DD  step 8999 load imb.: force 24.5%  pme mesh/force 1.135
           Step           Time
           9000        9.00000

   Energies (kJ/mol)
        LJ (SR)   Coulomb (SR)   Coul. recip.      Potential    Kinetic En.
    1.72690e+04   -1.80537e+05    5.82750e+02   -1.62686e+05    2.85936e+04
   Total Energy  Conserved En.    Temperature Pressure (bar)
   -1.34092e+05   -1.57013e+05    2.95258e+02   -1.23955e+03


DD  step 9999 load imb.: force 25.6%  pme mesh/force 1.179
           Step           Time
          10000       10.00000

   Energies (kJ/mol)
        LJ (SR)   Coulomb (SR)   Coul. recip.      Potential    Kinetic En.
    1.76034e+04   -1.80552e+05    5.64056e+02   -1.62384e+05    2.86208e+04
   Total Energy  Conserved En.    Temperature Pressure (bar)
   -1.33763e+05   -1.57012e+05    2.95539e+02   -1.06898e+03


DD  step 10999 load imb.: force 23.2%  pme mesh/force 1.181
           Step           Time
          11000       11.00000

   Energies (kJ/mol)
        LJ (SR)   Coulomb (SR)   Coul. recip.      Potential    Kinetic En.
    1.74987e+04   -1.80423e+05    5.64407e+02   -1.62360e+05    2.86679e+04
   Total Energy  Conserved En.    Temperature Pressure (bar)
   -1.33692e+05   -1.57014e+05    2.96025e+02   -1.14190e+03


DD  step 11999 load imb.: force 20.9%  pme mesh/force 1.193
           Step           Time
          12000       12.00000

   Energies (kJ/mol)
        LJ (SR)   Coulomb (SR)   Coul. recip.      Potential    Kinetic En.
    1.68862e+04   -1.79624e+05    5.49922e+02   -1.62188e+05    2.89801e+04
   Total Energy  Conserved En.    Temperature Pressure (bar)
   -1.33208e+05   -1.57016e+05    2.99250e+02   -1.37792e+03


DD  step 12999 load imb.: force 23.1%  pme mesh/force 1.158
           Step           Time
          13000       13.00000

   Energies (kJ/mol)
        LJ (SR)   Coulomb (SR)   Coul. recip.      Potential    Kinetic En.
    1.71918e+04   -1.79082e+05    5.22400e+02   -1.61367e+05    2.88183e+04
   Total Energy  Conserved En.    Temperature Pressure (bar)
   -1.32549e+05   -1.57018e+05    2.97579e+02   -1.14265e+03


DD  step 13999 load imb.: force 17.6%  pme mesh/force 1.196
           Step           Time
          14000       14.00000

   Energies (kJ/mol)
        LJ (SR)   Coulomb (SR)   Coul. recip.      Potential    Kinetic En.
    1.70549e+04   -1.78926e+05    5.88818e+02   -1.61282e+05    2.85994e+04
   Total Energy  Conserved En.    Temperature Pressure (bar)
   -1.32683e+05   -1.57017e+05    2.95318e+02   -1.13867e+03


DD  step 14999 load imb.: force 14.6%  pme mesh/force 1.205
           Step           Time
          15000       15.00000

   Energies (kJ/mol)
        LJ (SR)   Coulomb (SR)   Coul. recip.      Potential    Kinetic En.
    1.75257e+04   -1.79734e+05    5.63939e+02   -1.61644e+05    2.90053e+04
   Total Energy  Conserved En.    Temperature Pressure (bar)
   -1.32639e+05   -1.57017e+05    2.99510e+02   -9.52414e+02


DD  step 15999 load imb.: force 25.0%  pme mesh/force 1.145
           Step           Time
          16000       16.00000

   Energies (kJ/mol)
        LJ (SR)   Coulomb (SR)   Coul. recip.      Potential    Kinetic En.
    1.70727e+04   -1.79253e+05    5.20278e+02   -1.61660e+05    2.89773e+04
   Total Energy  Conserved En.    Temperature Pressure (bar)
   -1.32683e+05   -1.57020e+05    2.99220e+02   -1.17400e+03


DD  step 16999 load imb.: force 24.6%  pme mesh/force 1.183
           Step           Time
          17000       17.00000

   Energies (kJ/mol)
        LJ (SR)   Coulomb (SR)   Coul. recip.      Potential    Kinetic En.
    1.72071e+04   -1.79542e+05    5.58342e+02   -1.61776e+05    2.90573e+04
   Total Energy  Conserved En.    Temperature Pressure (bar)
   -1.32719e+05   -1.57021e+05    3.00046e+02   -1.08585e+03


DD  step 17999 load imb.: force 16.0%  pme mesh/force 1.172
           Step           Time
          18000       18.00000

   Energies (kJ/mol)
        LJ (SR)   Coulomb (SR)   Coul. recip.      Potential    Kinetic En.
    1.72868e+04   -1.79763e+05    5.85839e+02   -1.61890e+05    2.87375e+04
   Total Energy  Conserved En.    Temperature Pressure (bar)
   -1.33152e+05   -1.57021e+05    2.96744e+02   -1.14089e+03


DD  step 18999 load imb.: force 25.4%  pme mesh/force 1.091
           Step           Time
          19000       19.00000

   Energies (kJ/mol)
        LJ (SR)   Coulomb (SR)   Coul. recip.      Potential    Kinetic En.
    1.75671e+04   -1.79735e+05    5.31484e+02   -1.61636e+05    2.87969e+04
   Total Energy  Conserved En.    Temperature Pressure (bar)
   -1.32839e+05   -1.57022e+05    2.97358e+02   -1.00056e+03


DD  step 19999 load imb.: force 20.1%  pme mesh/force 1.236
           Step           Time
          20000       20.00000

   Energies (kJ/mol)
        LJ (SR)   Coulomb (SR)   Coul. recip.      Potential    Kinetic En.
    1.70518e+04   -1.79613e+05    5.70835e+02   -1.61990e+05    2.95040e+04
   Total Energy  Conserved En.    Temperature Pressure (bar)
   -1.32486e+05   -1.57024e+05    3.04659e+02   -1.21161e+03


DD  step 20999 load imb.: force 24.0%  pme mesh/force 1.181
           Step           Time
          21000       21.00000

   Energies (kJ/mol)
        LJ (SR)   Coulomb (SR)   Coul. recip.      Potential    Kinetic En.
    1.77868e+04   -1.80220e+05    5.60831e+02   -1.61872e+05    2.93654e+04
   Total Energy  Conserved En.    Temperature Pressure (bar)
   -1.32507e+05   -1.57023e+05    3.03228e+02   -8.51307e+02

step 21100: timed with pme grid 42 42 42, coulomb cutoff 1.200: 60.7 M-cycles
step 21300: timed with pme grid 36 36 36, coulomb cutoff 1.389: 62.0 M-cycles
step 21500: timed with pme grid 32 32 32, coulomb cutoff 1.563: 75.0 M-cycles
step 21700: timed with pme grid 36 36 36, coulomb cutoff 1.389: 60.7 M-cycles
step 21900: timed with pme grid 40 40 40, coulomb cutoff 1.250: 52.3 M-cycles

DD  step 21999 load imb.: force 23.3%  pme mesh/force 1.179
           Step           Time
          22000       22.00000

   Energies (kJ/mol)
        LJ (SR)   Coulomb (SR)   Coul. recip.      Potential    Kinetic En.
    1.72681e+04   -1.79007e+05    5.51609e+02   -1.61187e+05    2.93218e+04
   Total Energy  Conserved En.    Temperature Pressure (bar)
   -1.31865e+05   -1.57025e+05    3.02777e+02   -1.04920e+03

step 22100: timed with pme grid 42 42 42, coulomb cutoff 1.200: 52.4 M-cycles
step 22300: timed with pme grid 40 40 40, coulomb cutoff 1.250: 50.4 M-cycles
step 22500: timed with pme grid 42 42 42, coulomb cutoff 1.200: 52.3 M-cycles
step 22700: timed with pme grid 40 40 40, coulomb cutoff 1.250: 55.7 M-cycles
step 22900: timed with pme grid 42 42 42, coulomb cutoff 1.200: 57.8 M-cycles
              optimal pme grid 40 40 40, coulomb cutoff 1.250

DD  step 22999 load imb.: force 24.1%  pme mesh/force 1.027
           Step           Time
          23000       23.00000

   Energies (kJ/mol)
        LJ (SR)   Coulomb (SR)   Coul. recip.      Potential    Kinetic En.
    1.72228e+04   -1.78892e+05    5.10859e+02   -1.61158e+05    2.92292e+04
   Total Energy  Conserved En.    Temperature Pressure (bar)
   -1.31929e+05   -1.57026e+05    3.01821e+02   -1.09764e+03


DD  step 23999 load imb.: force 24.1%  pme mesh/force 1.048
           Step           Time
          24000       24.00000

   Energies (kJ/mol)
        LJ (SR)   Coulomb (SR)   Coul. recip.      Potential    Kinetic En.
    1.71402e+04   -1.78828e+05    4.74192e+02   -1.61214e+05    2.90418e+04
   Total Energy  Conserved En.    Temperature Pressure (bar)
   -1.32172e+05   -1.57027e+05    2.99887e+02   -1.10672e+03


DD  step 24999 load imb.: force 23.4%  pme mesh/force 1.080
           Step           Time
          25000       25.00000

   Energies (kJ/mol)
        LJ (SR)   Coulomb (SR)   Coul. recip.      Potential    Kinetic En.
    1.70729e+04   -1.78402e+05    4.76862e+02   -1.60852e+05    2.92104e+04
   Total Energy  Conserved En.    Temperature Pressure (bar)
   -1.31641e+05   -1.57027e+05    3.01627e+02   -1.05049e+03


DD  step 25999 load imb.: force 21.9%  pme mesh/force 1.042
           Step           Time
          26000       26.00000

   Energies (kJ/mol)
        LJ (SR)   Coulomb (SR)   Coul. recip.      Potential    Kinetic En.
    1.75517e+04   -1.78956e+05    5.08316e+02   -1.60896e+05    2.96027e+04
   Total Energy  Conserved En.    Temperature Pressure (bar)
   -1.31294e+05   -1.57029e+05    3.05678e+02   -8.34303e+02


DD  step 26999 load imb.: force 22.9%  pme mesh/force 1.024
           Step           Time
          27000       27.00000

   Energies (kJ/mol)
        LJ (SR)   Coulomb (SR)   Coul. recip.      Potential    Kinetic En.
    1.66222e+04   -1.77771e+05    4.73995e+02   -1.60675e+05    2.92728e+04
   Total Energy  Conserved En.    Temperature Pressure (bar)
   -1.31402e+05   -1.57030e+05    3.02271e+02   -1.25796e+03


DD  step 27999 load imb.: force 22.3%  pme mesh/force 1.024
           Step           Time
          28000       28.00000

   Energies (kJ/mol)
        LJ (SR)   Coulomb (SR)   Coul. recip.      Potential    Kinetic En.
    1.64159e+04   -1.77777e+05    5.15057e+02   -1.60846e+05    2.92618e+04
   Total Energy  Conserved En.    Temperature Pressure (bar)
   -1.31584e+05   -1.57031e+05    3.02158e+02   -1.35645e+03


DD  step 28999 load imb.: force 27.6%  pme mesh/force 1.043
           Step           Time
          29000       29.00000

   Energies (kJ/mol)
        LJ (SR)   Coulomb (SR)   Coul. recip.      Potential    Kinetic En.
    1.70334e+04   -1.78102e+05    4.95028e+02   -1.60573e+05    2.87682e+04
   Total Energy  Conserved En.    Temperature Pressure (bar)
   -1.31805e+05   -1.57031e+05    2.97061e+02   -1.05048e+03


DD  step 29999 load imb.: force 25.5%  pme mesh/force 1.008
           Step           Time
          30000       30.00000

   Energies (kJ/mol)
        LJ (SR)   Coulomb (SR)   Coul. recip.      Potential    Kinetic En.
    1.74686e+04   -1.79425e+05    5.10534e+02   -1.61446e+05    2.94524e+04
   Total Energy  Conserved En.    Temperature Pressure (bar)
   -1.31994e+05   -1.57033e+05    3.04126e+02   -9.84733e+02


DD  step 30999 load imb.: force 22.8%  pme mesh/force 1.044
           Step           Time
          31000       31.00000

   Energies (kJ/mol)
        LJ (SR)   Coulomb (SR)   Coul. recip.      Potential    Kinetic En.
    1.69773e+04   -1.78005e+05    5.30046e+02   -1.60498e+05    2.91173e+04
   Total Energy  Conserved En.    Temperature Pressure (bar)
   -1.31380e+05   -1.57033e+05    3.00666e+02   -1.04380e+03


DD  step 31999 load imb.: force 19.7%  pme mesh/force 1.051
           Step           Time
          32000       32.00000

   Energies (kJ/mol)
        LJ (SR)   Coulomb (SR)   Coul. recip.      Potential    Kinetic En.
    1.64209e+04   -1.77917e+05    5.17672e+02   -1.60979e+05    2.96413e+04
   Total Energy  Conserved En.    Temperature Pressure (bar)
   -1.31337e+05   -1.57034e+05    3.06076e+02   -1.38810e+03


DD  step 32999 load imb.: force 21.2%  pme mesh/force 1.085
           Step           Time
          33000       33.00000

   Energies (kJ/mol)
        LJ (SR)   Coulomb (SR)   Coul. recip.      Potential    Kinetic En.
    1.69948e+04   -1.79067e+05    5.23486e+02   -1.61548e+05    2.96048e+04
   Total Energy  Conserved En.    Temperature Pressure (bar)
   -1.31944e+05   -1.57034e+05    3.05700e+02   -1.21796e+03


DD  step 33999 load imb.: force 22.5%  pme mesh/force 1.047
           Step           Time
          34000       34.00000

   Energies (kJ/mol)
        LJ (SR)   Coulomb (SR)   Coul. recip.      Potential    Kinetic En.
    1.73337e+04   -1.78763e+05    4.97537e+02   -1.60932e+05    2.91141e+04
   Total Energy  Conserved En.    Temperature Pressure (bar)
   -1.31818e+05   -1.57035e+05    3.00633e+02   -9.47730e+02


DD  step 34999 load imb.: force 18.7%  pme mesh/force 1.062
           Step           Time
          35000       35.00000

   Energies (kJ/mol)
        LJ (SR)   Coulomb (SR)   Coul. recip.      Potential    Kinetic En.
    1.69714e+04   -1.78192e+05    5.07152e+02   -1.60714e+05    2.92829e+04
   Total Energy  Conserved En.    Temperature Pressure (bar)
   -1.31431e+05   -1.57036e+05    3.02376e+02   -1.04354e+03


DD  step 35999 load imb.: force 21.9%  pme mesh/force 1.039
           Step           Time
          36000       36.00000

   Energies (kJ/mol)
        LJ (SR)   Coulomb (SR)   Coul. recip.      Potential    Kinetic En.
    1.78130e+04   -1.79522e+05    5.00696e+02   -1.61208e+05    2.95958e+04
   Total Energy  Conserved En.    Temperature Pressure (bar)
   -1.31612e+05   -1.57036e+05    3.05607e+02   -6.56313e+02


DD  step 36999 load imb.: force 22.3%  pme mesh/force 1.043
           Step           Time
          37000       37.00000

   Energies (kJ/mol)
        LJ (SR)   Coulomb (SR)   Coul. recip.      Potential    Kinetic En.
    1.68063e+04   -1.78351e+05    4.70898e+02   -1.61074e+05    2.92083e+04
   Total Energy  Conserved En.    Temperature Pressure (bar)
   -1.31866e+05   -1.57040e+05    3.01606e+02   -1.22697e+03


DD  step 37999 load imb.: force 21.6%  pme mesh/force 1.017
           Step           Time
          38000       38.00000

   Energies (kJ/mol)
        LJ (SR)   Coulomb (SR)   Coul. recip.      Potential    Kinetic En.
    1.65714e+04   -1.77829e+05    5.34362e+02   -1.60723e+05    2.90476e+04
   Total Energy  Conserved En.    Temperature Pressure (bar)
   -1.31676e+05   -1.57039e+05    2.99946e+02   -1.30190e+03


DD  step 38999 load imb.: force 21.8%  pme mesh/force 1.044
           Step           Time
          39000       39.00000

   Energies (kJ/mol)
        LJ (SR)   Coulomb (SR)   Coul. recip.      Potential    Kinetic En.
    1.68103e+04   -1.78110e+05    5.17824e+02   -1.60782e+05    2.92526e+04
   Total Energy  Conserved En.    Temperature Pressure (bar)
   -1.31529e+05   -1.57041e+05    3.02064e+02   -1.21609e+03


DD  step 39999 load imb.: force 26.0%  pme mesh/force 1.016
           Step           Time
          40000       40.00000

   Energies (kJ/mol)
        LJ (SR)   Coulomb (SR)   Coul. recip.      Potential    Kinetic En.
    1.67338e+04   -1.77809e+05    5.17659e+02   -1.60557e+05    2.93823e+04
   Total Energy  Conserved En.    Temperature Pressure (bar)
   -1.31175e+05   -1.57042e+05    3.03403e+02   -1.19570e+03


DD  step 40999 load imb.: force 21.2%  pme mesh/force 1.078
           Step           Time
          41000       41.00000

   Energies (kJ/mol)
        LJ (SR)   Coulomb (SR)   Coul. recip.      Potential    Kinetic En.
    1.65395e+04   -1.77802e+05    4.46043e+02   -1.60816e+05    2.96225e+04
   Total Energy  Conserved En.    Temperature Pressure (bar)
   -1.31194e+05   -1.57044e+05    3.05883e+02   -1.29706e+03


DD  step 41999 load imb.: force 27.3%  pme mesh/force 1.006
           Step           Time
          42000       42.00000

   Energies (kJ/mol)
        LJ (SR)   Coulomb (SR)   Coul. recip.      Potential    Kinetic En.
    1.70956e+04   -1.78474e+05    5.16839e+02   -1.60861e+05    2.96189e+04
   Total Energy  Conserved En.    Temperature Pressure (bar)
   -1.31242e+05   -1.57044e+05    3.05845e+02   -1.07821e+03


DD  step 42999 load imb.: force 27.6%  pme mesh/force 1.038
           Step           Time
          43000       43.00000

   Energies (kJ/mol)
        LJ (SR)   Coulomb (SR)   Coul. recip.      Potential    Kinetic En.
    1.73937e+04   -1.78683e+05    4.57966e+02   -1.60831e+05    2.92045e+04
   Total Energy  Conserved En.    Temperature Pressure (bar)
   -1.31627e+05   -1.57042e+05    3.01566e+02   -8.88033e+02


DD  step 43999 load imb.: force 22.1%  pme mesh/force 1.031
           Step           Time
          44000       44.00000

   Energies (kJ/mol)
        LJ (SR)   Coulomb (SR)   Coul. recip.      Potential    Kinetic En.
    1.72700e+04   -1.78907e+05    4.42704e+02   -1.61194e+05    2.93866e+04
   Total Energy  Conserved En.    Temperature Pressure (bar)
   -1.31808e+05   -1.57045e+05    3.03446e+02   -9.98359e+02


DD  step 44999 load imb.: force 23.7%  pme mesh/force 1.022
           Step           Time
          45000       45.00000

   Energies (kJ/mol)
        LJ (SR)   Coulomb (SR)   Coul. recip.      Potential    Kinetic En.
    1.76806e+04   -1.78888e+05    5.12560e+02   -1.60694e+05    2.89761e+04
   Total Energy  Conserved En.    Temperature Pressure (bar)
   -1.31718e+05   -1.57045e+05    2.99208e+02   -7.22092e+02


DD  step 45999 load imb.: force 26.6%  pme mesh/force 1.047
           Step           Time
          46000       46.00000

   Energies (kJ/mol)
        LJ (SR)   Coulomb (SR)   Coul. recip.      Potential    Kinetic En.
    1.69552e+04   -1.78075e+05    4.84412e+02   -1.60635e+05    2.90757e+04
   Total Energy  Conserved En.    Temperature Pressure (bar)
   -1.31559e+05   -1.57047e+05    3.00237e+02   -1.11912e+03


DD  step 46999 load imb.: force 22.9%  pme mesh/force 1.038
           Step           Time
          47000       47.00000

   Energies (kJ/mol)
        LJ (SR)   Coulomb (SR)   Coul. recip.      Potential    Kinetic En.
    1.70768e+04   -1.78886e+05    5.01352e+02   -1.61308e+05    2.91079e+04
   Total Energy  Conserved En.    Temperature Pressure (bar)
   -1.32200e+05   -1.57047e+05    3.00569e+02   -1.02283e+03


DD  step 47999 load imb.: force 21.8%  pme mesh/force 1.040
           Step           Time
          48000       48.00000

   Energies (kJ/mol)
        LJ (SR)   Coulomb (SR)   Coul. recip.      Potential    Kinetic En.
    1.67828e+04   -1.78171e+05    5.34453e+02   -1.60853e+05    2.89878e+04
   Total Energy  Conserved En.    Temperature Pressure (bar)
   -1.31866e+05   -1.57048e+05    2.99328e+02   -1.20199e+03


DD  step 48999 load imb.: force 23.7%  pme mesh/force 1.044
           Step           Time
          49000       49.00000

   Energies (kJ/mol)
        LJ (SR)   Coulomb (SR)   Coul. recip.      Potential    Kinetic En.
    1.68232e+04   -1.78136e+05    5.07504e+02   -1.60805e+05    2.92078e+04
   Total Energy  Conserved En.    Temperature Pressure (bar)
   -1.31598e+05   -1.57051e+05    3.01601e+02   -1.19018e+03


DD  step 49999 load imb.: force 22.6%  pme mesh/force 1.147
           Step           Time
          50000       50.00000

   Energies (kJ/mol)
        LJ (SR)   Coulomb (SR)   Coul. recip.      Potential    Kinetic En.
    1.69477e+04   -1.78462e+05    4.90710e+02   -1.61024e+05    2.88084e+04
   Total Energy  Conserved En.    Temperature Pressure (bar)
   -1.32215e+05   -1.57049e+05    2.97476e+02   -1.14838e+03


DD  step 50999 load imb.: force 21.8%  pme mesh/force 1.068
           Step           Time
          51000       51.00000

   Energies (kJ/mol)
        LJ (SR)   Coulomb (SR)   Coul. recip.      Potential    Kinetic En.
    1.70059e+04   -1.78550e+05    5.16151e+02   -1.61028e+05    2.91140e+04
   Total Energy  Conserved En.    Temperature Pressure (bar)
   -1.31914e+05   -1.57051e+05    3.00632e+02   -1.10946e+03


DD  step 51999 load imb.: force 22.7%  pme mesh/force 1.050
           Step           Time
          52000       52.00000

   Energies (kJ/mol)
        LJ (SR)   Coulomb (SR)   Coul. recip.      Potential    Kinetic En.
    1.79747e+04   -1.79630e+05    5.26805e+02   -1.61129e+05    2.91344e+04
   Total Energy  Conserved En.    Temperature Pressure (bar)
   -1.31994e+05   -1.57051e+05    3.00842e+02   -6.52988e+02


DD  step 52999 load imb.: force 21.9%  pme mesh/force 1.057
           Step           Time
          53000       53.00000

   Energies (kJ/mol)
        LJ (SR)   Coulomb (SR)   Coul. recip.      Potential    Kinetic En.
    1.70413e+04   -1.78604e+05    4.76672e+02   -1.61086e+05    2.88988e+04
   Total Energy  Conserved En.    Temperature Pressure (bar)
   -1.32187e+05   -1.57053e+05    2.98410e+02   -1.14205e+03


DD  step 53999 load imb.: force 22.2%  pme mesh/force 1.053
           Step           Time
          54000       54.00000

   Energies (kJ/mol)
        LJ (SR)   Coulomb (SR)   Coul. recip.      Potential    Kinetic En.
    1.73978e+04   -1.78735e+05    5.03745e+02   -1.60833e+05    2.91801e+04
   Total Energy  Conserved En.    Temperature Pressure (bar)
   -1.31653e+05   -1.57051e+05    3.01314e+02   -9.00771e+02


DD  step 54999 load imb.: force 20.6%  pme mesh/force 1.054
           Step           Time
          55000       55.00000

   Energies (kJ/mol)
        LJ (SR)   Coulomb (SR)   Coul. recip.      Potential    Kinetic En.
    1.69529e+04   -1.78053e+05    5.09968e+02   -1.60590e+05    2.92416e+04
   Total Energy  Conserved En.    Temperature Pressure (bar)
   -1.31349e+05   -1.57054e+05    3.01950e+02   -1.09586e+03


DD  step 55999 load imb.: force 22.4%  pme mesh/force 1.069
           Step           Time
          56000       56.00000

   Energies (kJ/mol)
        LJ (SR)   Coulomb (SR)   Coul. recip.      Potential    Kinetic En.
    1.61777e+04   -1.77563e+05    4.93796e+02   -1.60891e+05    2.89524e+04
   Total Energy  Conserved En.    Temperature Pressure (bar)
   -1.31939e+05   -1.57055e+05    2.98963e+02   -1.52627e+03


DD  step 56999 load imb.: force 22.0%  pme mesh/force 1.049
           Step           Time
          57000       57.00000

   Energies (kJ/mol)
        LJ (SR)   Coulomb (SR)   Coul. recip.      Potential    Kinetic En.
    1.62119e+04   -1.78000e+05    4.89876e+02   -1.61299e+05    2.95528e+04
   Total Energy  Conserved En.    Temperature Pressure (bar)
   -1.31746e+05   -1.57058e+05    3.05163e+02   -1.50906e+03


DD  step 57999 load imb.: force 21.5%  pme mesh/force 1.047
           Step           Time
          58000       58.00000

   Energies (kJ/mol)
        LJ (SR)   Coulomb (SR)   Coul. recip.      Potential    Kinetic En.
    1.69572e+04   -1.78135e+05    5.17727e+02   -1.60660e+05    2.90214e+04
   Total Energy  Conserved En.    Temperature Pressure (bar)
   -1.31639e+05   -1.57056e+05    2.99676e+02   -1.10491e+03


DD  step 58999 load imb.: force 25.0%  pme mesh/force 1.141
           Step           Time
          59000       59.00000

   Energies (kJ/mol)
        LJ (SR)   Coulomb (SR)   Coul. recip.      Potential    Kinetic En.
    1.71886e+04   -1.78900e+05    5.39367e+02   -1.61172e+05    2.89338e+04
   Total Energy  Conserved En.    Temperature Pressure (bar)
   -1.32238e+05   -1.57057e+05    2.98771e+02   -1.06893e+03


DD  step 59999 load imb.: force 21.9%  pme mesh/force 1.034
           Step           Time
          60000       60.00000

   Energies (kJ/mol)
        LJ (SR)   Coulomb (SR)   Coul. recip.      Potential    Kinetic En.
    1.72984e+04   -1.79497e+05    4.81437e+02   -1.61717e+05    2.88976e+04
   Total Energy  Conserved En.    Temperature Pressure (bar)
   -1.32819e+05   -1.57058e+05    2.98397e+02   -1.09023e+03


DD  step 60999 load imb.: force 22.6%  pme mesh/force 1.018
           Step           Time
          61000       61.00000

   Energies (kJ/mol)
        LJ (SR)   Coulomb (SR)   Coul. recip.      Potential    Kinetic En.
    1.74971e+04   -1.79335e+05    4.70486e+02   -1.61367e+05    2.91476e+04
   Total Energy  Conserved En.    Temperature Pressure (bar)
   -1.32220e+05   -1.57060e+05    3.00979e+02   -9.31415e+02


DD  step 61999 load imb.: force 16.5%  pme mesh/force 1.049
           Step           Time
          62000       62.00000

   Energies (kJ/mol)
        LJ (SR)   Coulomb (SR)   Coul. recip.      Potential    Kinetic En.
    1.68825e+04   -1.78441e+05    4.91108e+02   -1.61067e+05    2.92327e+04
   Total Energy  Conserved En.    Temperature Pressure (bar)
   -1.31834e+05   -1.57061e+05    3.01857e+02   -1.21394e+03


DD  step 62999 load imb.: force 23.8%  pme mesh/force 1.040
           Step           Time
          63000       63.00000

   Energies (kJ/mol)
        LJ (SR)   Coulomb (SR)   Coul. recip.      Potential    Kinetic En.
    1.70723e+04   -1.78518e+05    5.17382e+02   -1.60928e+05    2.91646e+04
   Total Energy  Conserved En.    Temperature Pressure (bar)
   -1.31763e+05   -1.57062e+05    3.01154e+02   -1.08371e+03


DD  step 63999 load imb.: force 24.5%  pme mesh/force 1.024
           Step           Time
          64000       64.00000

   Energies (kJ/mol)
        LJ (SR)   Coulomb (SR)   Coul. recip.      Potential    Kinetic En.
    1.72498e+04   -1.78972e+05    5.02394e+02   -1.61220e+05    2.92075e+04
   Total Energy  Conserved En.    Temperature Pressure (bar)
   -1.32012e+05   -1.57062e+05    3.01598e+02   -1.01674e+03


DD  step 64999 load imb.: force 24.6%  pme mesh/force 1.015
           Step           Time
          65000       65.00000

   Energies (kJ/mol)
        LJ (SR)   Coulomb (SR)   Coul. recip.      Potential    Kinetic En.
    1.76360e+04   -1.79232e+05    4.93949e+02   -1.61102e+05    2.89103e+04
   Total Energy  Conserved En.    Temperature Pressure (bar)
   -1.32191e+05   -1.57061e+05    2.98529e+02   -8.62019e+02


DD  step 65999 load imb.: force 27.3%  pme mesh/force 1.052
           Step           Time
          66000       66.00000

   Energies (kJ/mol)
        LJ (SR)   Coulomb (SR)   Coul. recip.      Potential    Kinetic En.
    1.71317e+04   -1.78578e+05    4.72654e+02   -1.60974e+05    2.88022e+04
   Total Energy  Conserved En.    Temperature Pressure (bar)
   -1.32172e+05   -1.57064e+05    2.97412e+02   -1.08818e+03


DD  step 66999 load imb.: force 15.8%  pme mesh/force 1.085
           Step           Time
          67000       67.00000

   Energies (kJ/mol)
        LJ (SR)   Coulomb (SR)   Coul. recip.      Potential    Kinetic En.
    1.77870e+04   -1.79531e+05    4.94911e+02   -1.61249e+05    2.91538e+04
   Total Energy  Conserved En.    Temperature Pressure (bar)
   -1.32095e+05   -1.57065e+05    3.01042e+02   -8.18673e+02


DD  step 67999 load imb.: force 21.8%  pme mesh/force 1.051
           Step           Time
          68000       68.00000

   Energies (kJ/mol)
        LJ (SR)   Coulomb (SR)   Coul. recip.      Potential    Kinetic En.
    1.73492e+04   -1.79017e+05    5.20509e+02   -1.61147e+05    2.92219e+04
   Total Energy  Conserved En.    Temperature Pressure (bar)
   -1.31925e+05   -1.57067e+05    3.01746e+02   -9.16466e+02


DD  step 68999 load imb.: force 23.9%  pme mesh/force 1.042
           Step           Time
          69000       69.00000

   Energies (kJ/mol)
        LJ (SR)   Coulomb (SR)   Coul. recip.      Potential    Kinetic En.
    1.77198e+04   -1.79944e+05    5.26506e+02   -1.61698e+05    2.90880e+04
   Total Energy  Conserved En.    Temperature Pressure (bar)
   -1.32610e+05   -1.57065e+05    3.00363e+02   -7.89158e+02


DD  step 69999 load imb.: force 20.3%  pme mesh/force 1.045
           Step           Time
          70000       70.00000

   Energies (kJ/mol)
        LJ (SR)   Coulomb (SR)   Coul. recip.      Potential    Kinetic En.
    1.72481e+04   -1.78968e+05    4.85672e+02   -1.61235e+05    2.88934e+04
   Total Energy  Conserved En.    Temperature Pressure (bar)
   -1.32341e+05   -1.57067e+05    2.98354e+02   -9.98217e+02


DD  step 70999 load imb.: force 23.8%  pme mesh/force 1.032
           Step           Time
          71000       71.00000

   Energies (kJ/mol)
        LJ (SR)   Coulomb (SR)   Coul. recip.      Potential    Kinetic En.
    1.69109e+04   -1.78626e+05    5.01522e+02   -1.61214e+05    2.89600e+04
   Total Energy  Conserved En.    Temperature Pressure (bar)
   -1.32254e+05   -1.57069e+05    2.99042e+02   -1.19953e+03


DD  step 71999 load imb.: force 22.3%  pme mesh/force 1.078
           Step           Time
          72000       72.00000

   Energies (kJ/mol)
        LJ (SR)   Coulomb (SR)   Coul. recip.      Potential    Kinetic En.
    1.66291e+04   -1.78342e+05    4.96986e+02   -1.61216e+05    2.93804e+04
   Total Energy  Conserved En.    Temperature Pressure (bar)
   -1.31836e+05   -1.57071e+05    3.03383e+02   -1.31007e+03


DD  step 72999 load imb.: force 24.5%  pme mesh/force 1.026
           Step           Time
          73000       73.00000

   Energies (kJ/mol)
        LJ (SR)   Coulomb (SR)   Coul. recip.      Potential    Kinetic En.
    1.68683e+04   -1.78775e+05    4.90434e+02   -1.61416e+05    2.92992e+04
   Total Energy  Conserved En.    Temperature Pressure (bar)
   -1.32117e+05   -1.57071e+05    3.02544e+02   -1.27068e+03


DD  step 73999 load imb.: force 32.0%  pme mesh/force 1.038
           Step           Time
          74000       74.00000

   Energies (kJ/mol)
        LJ (SR)   Coulomb (SR)   Coul. recip.      Potential    Kinetic En.
    1.70158e+04   -1.78847e+05    5.32773e+02   -1.61298e+05    2.89855e+04
   Total Energy  Conserved En.    Temperature Pressure (bar)
   -1.32312e+05   -1.57071e+05    2.99305e+02   -1.18854e+03


DD  step 74999 load imb.: force 18.6%  pme mesh/force 1.083
           Step           Time
          75000       75.00000

   Energies (kJ/mol)
        LJ (SR)   Coulomb (SR)   Coul. recip.      Potential    Kinetic En.
    1.74692e+04   -1.79336e+05    4.93921e+02   -1.61373e+05    2.92947e+04
   Total Energy  Conserved En.    Temperature Pressure (bar)
   -1.32079e+05   -1.57072e+05    3.02498e+02   -9.62647e+02


DD  step 75999 load imb.: force 23.5%  pme mesh/force 1.044
           Step           Time
          76000       76.00000

   Energies (kJ/mol)
        LJ (SR)   Coulomb (SR)   Coul. recip.      Potential    Kinetic En.
    1.73584e+04   -1.78779e+05    4.89132e+02   -1.60931e+05    2.88974e+04
   Total Energy  Conserved En.    Temperature Pressure (bar)
   -1.32034e+05   -1.57073e+05    2.98395e+02   -9.59542e+02


DD  step 76999 load imb.: force 26.2%  pme mesh/force 1.050
           Step           Time
          77000       77.00000

   Energies (kJ/mol)
        LJ (SR)   Coulomb (SR)   Coul. recip.      Potential    Kinetic En.
    1.74772e+04   -1.79137e+05    5.01845e+02   -1.61158e+05    2.93464e+04
   Total Energy  Conserved En.    Temperature Pressure (bar)
   -1.31812e+05   -1.57074e+05    3.03032e+02   -9.28739e+02


DD  step 77999 load imb.: force 23.4%  pme mesh/force 1.026
           Step           Time
          78000       78.00000

   Energies (kJ/mol)
        LJ (SR)   Coulomb (SR)   Coul. recip.      Potential    Kinetic En.
    1.70300e+04   -1.78368e+05    4.90706e+02   -1.60847e+05    2.89978e+04
   Total Energy  Conserved En.    Temperature Pressure (bar)
   -1.31849e+05   -1.57076e+05    2.99432e+02   -1.10403e+03


DD  step 78999 load imb.: force 20.8%  pme mesh/force 1.049
           Step           Time
          79000       79.00000

   Energies (kJ/mol)
        LJ (SR)   Coulomb (SR)   Coul. recip.      Potential    Kinetic En.
    1.68996e+04   -1.78539e+05    5.25141e+02   -1.61114e+05    2.92377e+04
   Total Energy  Conserved En.    Temperature Pressure (bar)
   -1.31876e+05   -1.57076e+05    3.01909e+02   -1.25179e+03


DD  step 79999 load imb.: force 25.2%  pme mesh/force 1.081
           Step           Time
          80000       80.00000

   Energies (kJ/mol)
        LJ (SR)   Coulomb (SR)   Coul. recip.      Potential    Kinetic En.
    1.74345e+04   -1.78884e+05    4.72841e+02   -1.60977e+05    2.89829e+04
   Total Energy  Conserved En.    Temperature Pressure (bar)
   -1.31994e+05   -1.57076e+05    2.99278e+02   -9.29553e+02


DD  step 80999 load imb.: force 24.0%  pme mesh/force 1.017
           Step           Time
          81000       81.00000

   Energies (kJ/mol)
        LJ (SR)   Coulomb (SR)   Coul. recip.      Potential    Kinetic En.
    1.79911e+04   -1.80284e+05    4.82865e+02   -1.61810e+05    2.95789e+04
   Total Energy  Conserved En.    Temperature Pressure (bar)
   -1.32231e+05   -1.57078e+05    3.05433e+02   -7.25650e+02


DD  step 81999 load imb.: force 22.9%  pme mesh/force 1.039
           Step           Time
          82000       82.00000

   Energies (kJ/mol)
        LJ (SR)   Coulomb (SR)   Coul. recip.      Potential    Kinetic En.
    1.72955e+04   -1.79148e+05    4.83361e+02   -1.61369e+05    2.90517e+04
   Total Energy  Conserved En.    Temperature Pressure (bar)
   -1.32317e+05   -1.57079e+05    2.99988e+02   -1.10199e+03


DD  step 82999 load imb.: force 26.3%  pme mesh/force 1.037
           Step           Time
          83000       83.00000

   Energies (kJ/mol)
        LJ (SR)   Coulomb (SR)   Coul. recip.      Potential    Kinetic En.
    1.69046e+04   -1.78842e+05    5.16266e+02   -1.61421e+05    2.87875e+04
   Total Energy  Conserved En.    Temperature Pressure (bar)
   -1.32634e+05   -1.57081e+05    2.97261e+02   -1.23407e+03


DD  step 83999 load imb.: force 16.9%  pme mesh/force 1.070
           Step           Time
          84000       84.00000

   Energies (kJ/mol)
        LJ (SR)   Coulomb (SR)   Coul. recip.      Potential    Kinetic En.
    1.76447e+04   -1.79592e+05    5.00902e+02   -1.61447e+05    2.90985e+04
   Total Energy  Conserved En.    Temperature Pressure (bar)
   -1.32348e+05   -1.57081e+05    3.00472e+02   -8.67510e+02


DD  step 84999 load imb.: force 22.5%  pme mesh/force 1.034
           Step           Time
          85000       85.00000

   Energies (kJ/mol)
        LJ (SR)   Coulomb (SR)   Coul. recip.      Potential    Kinetic En.
    1.72968e+04   -1.79154e+05    4.88479e+02   -1.61368e+05    2.90422e+04
   Total Energy  Conserved En.    Temperature Pressure (bar)
   -1.32326e+05   -1.57082e+05    2.99891e+02   -1.04729e+03


DD  step 85999 load imb.: force 23.6%  pme mesh/force 1.034
           Step           Time
          86000       86.00000

   Energies (kJ/mol)
        LJ (SR)   Coulomb (SR)   Coul. recip.      Potential    Kinetic En.
    1.67654e+04   -1.77915e+05    5.03450e+02   -1.60646e+05    2.88302e+04
   Total Energy  Conserved En.    Temperature Pressure (bar)
   -1.31815e+05   -1.57084e+05    2.97701e+02   -1.20301e+03


DD  step 86999 load imb.: force 25.8%  pme mesh/force 1.017
           Step           Time
          87000       87.00000

   Energies (kJ/mol)
        LJ (SR)   Coulomb (SR)   Coul. recip.      Potential    Kinetic En.
    1.72556e+04   -1.78431e+05    5.52394e+02   -1.60623e+05    2.87814e+04
   Total Energy  Conserved En.    Temperature Pressure (bar)
   -1.31842e+05   -1.57084e+05    2.97198e+02   -9.72073e+02


DD  step 87999 load imb.: force 22.3%  pme mesh/force 1.031
           Step           Time
          88000       88.00000

   Energies (kJ/mol)
        LJ (SR)   Coulomb (SR)   Coul. recip.      Potential    Kinetic En.
    1.68013e+04   -1.78346e+05    5.19966e+02   -1.61025e+05    2.92138e+04
   Total Energy  Conserved En.    Temperature Pressure (bar)
   -1.31811e+05   -1.57086e+05    3.01662e+02   -1.23738e+03


DD  step 88999 load imb.: force 25.5%  pme mesh/force 1.045
           Step           Time
          89000       89.00000

   Energies (kJ/mol)
        LJ (SR)   Coulomb (SR)   Coul. recip.      Potential    Kinetic En.
    1.69399e+04   -1.78787e+05    4.76204e+02   -1.61371e+05    2.94032e+04
   Total Energy  Conserved En.    Temperature Pressure (bar)
   -1.31968e+05   -1.57088e+05    3.03618e+02   -1.18453e+03


DD  step 89999 load imb.: force 24.5%  pme mesh/force 1.030
           Step           Time
          90000       90.00000

   Energies (kJ/mol)
        LJ (SR)   Coulomb (SR)   Coul. recip.      Potential    Kinetic En.
    1.72206e+04   -1.79118e+05    5.07351e+02   -1.61390e+05    2.91893e+04
   Total Energy  Conserved En.    Temperature Pressure (bar)
   -1.32201e+05   -1.57087e+05    3.01409e+02   -1.07375e+03


DD  step 90999 load imb.: force 24.5%  pme mesh/force 1.072
           Step           Time
          91000       91.00000

   Energies (kJ/mol)
        LJ (SR)   Coulomb (SR)   Coul. recip.      Potential    Kinetic En.
    1.77374e+04   -1.80348e+05    5.02677e+02   -1.62108e+05    2.92381e+04
   Total Energy  Conserved En.    Temperature Pressure (bar)
   -1.32870e+05   -1.57089e+05    3.01914e+02   -9.25544e+02


DD  step 91999 load imb.: force 20.7%  pme mesh/force 1.112
           Step           Time
          92000       92.00000

   Energies (kJ/mol)
        LJ (SR)   Coulomb (SR)   Coul. recip.      Potential    Kinetic En.
    1.69006e+04   -1.78898e+05    5.15078e+02   -1.61482e+05    2.82815e+04
   Total Energy  Conserved En.    Temperature Pressure (bar)
   -1.33201e+05   -1.57089e+05    2.92035e+02   -1.28726e+03


DD  step 92999 load imb.: force 26.0%  pme mesh/force 1.057
           Step           Time
          93000       93.00000

   Energies (kJ/mol)
        LJ (SR)   Coulomb (SR)   Coul. recip.      Potential    Kinetic En.
    1.67271e+04   -1.78722e+05    4.60553e+02   -1.61535e+05    2.87922e+04
   Total Energy  Conserved En.    Temperature Pressure (bar)
   -1.32743e+05   -1.57091e+05    2.97309e+02   -1.34682e+03


DD  step 93999 load imb.: force 16.2%  pme mesh/force 1.054
           Step           Time
          94000       94.00000

   Energies (kJ/mol)
        LJ (SR)   Coulomb (SR)   Coul. recip.      Potential    Kinetic En.
    1.65455e+04   -1.78331e+05    4.73333e+02   -1.61312e+05    2.87459e+04
   Total Energy  Conserved En.    Temperature Pressure (bar)
   -1.32566e+05   -1.57091e+05    2.96831e+02   -1.38550e+03


DD  step 94999 load imb.: force 21.8%  pme mesh/force 1.112
           Step           Time
          95000       95.00000

   Energies (kJ/mol)
        LJ (SR)   Coulomb (SR)   Coul. recip.      Potential    Kinetic En.
    1.74565e+04   -1.79291e+05    4.76305e+02   -1.61358e+05    2.88666e+04
   Total Energy  Conserved En.    Temperature Pressure (bar)
   -1.32492e+05   -1.57092e+05    2.98077e+02   -9.55433e+02


DD  step 95999 load imb.: force 25.6%  pme mesh/force 1.047
           Step           Time
          96000       96.00000

   Energies (kJ/mol)
        LJ (SR)   Coulomb (SR)   Coul. recip.      Potential    Kinetic En.
    1.64603e+04   -1.78340e+05    4.82911e+02   -1.61397e+05    2.93537e+04
   Total Energy  Conserved En.    Temperature Pressure (bar)
   -1.32043e+05   -1.57092e+05    3.03107e+02   -1.40894e+03


DD  step 96999 load imb.: force 24.0%  pme mesh/force 1.025
           Step           Time
          97000       97.00000

   Energies (kJ/mol)
        LJ (SR)   Coulomb (SR)   Coul. recip.      Potential    Kinetic En.
    1.72064e+04   -1.78791e+05    4.96157e+02   -1.61088e+05    2.90304e+04
   Total Energy  Conserved En.    Temperature Pressure (bar)
   -1.32058e+05   -1.57094e+05    2.99769e+02   -1.02223e+03


DD  step 97999 load imb.: force 19.8%  pme mesh/force 1.066
           Step           Time
          98000       98.00000

   Energies (kJ/mol)
        LJ (SR)   Coulomb (SR)   Coul. recip.      Potential    Kinetic En.
    1.78105e+04   -1.79118e+05    4.90694e+02   -1.60817e+05    2.88067e+04
   Total Energy  Conserved En.    Temperature Pressure (bar)
   -1.32010e+05   -1.57094e+05    2.97458e+02   -7.32442e+02


DD  step 98999 load imb.: force 21.4%  pme mesh/force 1.032
           Step           Time
          99000       99.00000

   Energies (kJ/mol)
        LJ (SR)   Coulomb (SR)   Coul. recip.      Potential    Kinetic En.
    1.70804e+04   -1.79063e+05    4.91117e+02   -1.61491e+05    2.89920e+04
   Total Energy  Conserved En.    Temperature Pressure (bar)
   -1.32499e+05   -1.57095e+05    2.99372e+02   -1.15830e+03


DD  step 99999 load imb.: force 21.5%  pme mesh/force 1.081
           Step           Time
         100000      100.00000

   Energies (kJ/mol)
        LJ (SR)   Coulomb (SR)   Coul. recip.      Potential    Kinetic En.
    1.77374e+04   -1.79848e+05    5.20414e+02   -1.61590e+05    2.89462e+04
   Total Energy  Conserved En.    Temperature Pressure (bar)
   -1.32644e+05   -1.57096e+05    2.98900e+02   -8.79864e+02


DD  step 100999 load imb.: force 20.5%  pme mesh/force 1.039
           Step           Time
         101000      101.00000

   Energies (kJ/mol)
        LJ (SR)   Coulomb (SR)   Coul. recip.      Potential    Kinetic En.
    1.70612e+04   -1.79223e+05    4.94211e+02   -1.61668e+05    2.93182e+04
   Total Energy  Conserved En.    Temperature Pressure (bar)
   -1.32349e+05   -1.57099e+05    3.02741e+02   -1.22829e+03


DD  step 101999 load imb.: force 20.7%  pme mesh/force 1.040
           Step           Time
         102000      102.00000

   Energies (kJ/mol)
        LJ (SR)   Coulomb (SR)   Coul. recip.      Potential    Kinetic En.
    1.71596e+04   -1.78625e+05    4.74541e+02   -1.60991e+05    2.91503e+04
   Total Energy  Conserved En.    Temperature Pressure (bar)
   -1.31841e+05   -1.57099e+05    3.01007e+02   -1.04755e+03


DD  step 102999 load imb.: force 17.1%  pme mesh/force 1.100
           Step           Time
         103000      103.00000

   Energies (kJ/mol)
        LJ (SR)   Coulomb (SR)   Coul. recip.      Potential    Kinetic En.
    1.64526e+04   -1.77754e+05    5.07163e+02   -1.60794e+05    2.89592e+04
   Total Energy  Conserved En.    Temperature Pressure (bar)
   -1.31835e+05   -1.57100e+05    2.99033e+02   -1.35026e+03


DD  step 103999 load imb.: force 23.5%  pme mesh/force 1.050
           Step           Time
         104000      104.00000

   Energies (kJ/mol)
        LJ (SR)   Coulomb (SR)   Coul. recip.      Potential    Kinetic En.
    1.68373e+04   -1.78454e+05    5.04135e+02   -1.61112e+05    2.88764e+04
   Total Energy  Conserved En.    Temperature Pressure (bar)
   -1.32236e+05   -1.57100e+05    2.98178e+02   -1.21757e+03


DD  step 104999 load imb.: force 27.9%  pme mesh/force 1.044
           Step           Time
         105000      105.00000

   Energies (kJ/mol)
        LJ (SR)   Coulomb (SR)   Coul. recip.      Potential    Kinetic En.
    1.69099e+04   -1.78574e+05    5.25077e+02   -1.61139e+05    2.91092e+04
   Total Energy  Conserved En.    Temperature Pressure (bar)
   -1.32030e+05   -1.57102e+05    3.00582e+02   -1.15874e+03


DD  step 105999 load imb.: force 25.1%  pme mesh/force 1.043
           Step           Time
         106000      106.00000

   Energies (kJ/mol)
        LJ (SR)   Coulomb (SR)   Coul. recip.      Potential    Kinetic En.
    1.63418e+04   -1.77555e+05    5.33329e+02   -1.60680e+05    2.95218e+04
   Total Energy  Conserved En.    Temperature Pressure (bar)
   -1.31158e+05   -1.57102e+05    3.04842e+02   -1.42577e+03


DD  step 106999 load imb.: force 24.6%  pme mesh/force 1.038
           Step           Time
         107000      107.00000

   Energies (kJ/mol)
        LJ (SR)   Coulomb (SR)   Coul. recip.      Potential    Kinetic En.
    1.70474e+04   -1.77911e+05    4.85898e+02   -1.60377e+05    2.91089e+04
   Total Energy  Conserved En.    Temperature Pressure (bar)
   -1.31268e+05   -1.57102e+05    3.00579e+02   -9.70919e+02


DD  step 107999 load imb.: force 20.9%  pme mesh/force 1.036
           Step           Time
         108000      108.00000

   Energies (kJ/mol)
        LJ (SR)   Coulomb (SR)   Coul. recip.      Potential    Kinetic En.
    1.71744e+04   -1.78342e+05    5.06079e+02   -1.60662e+05    2.94169e+04
   Total Energy  Conserved En.    Temperature Pressure (bar)
   -1.31245e+05   -1.57104e+05    3.03760e+02   -9.51791e+02


DD  step 108999 load imb.: force 24.5%  pme mesh/force 1.023
           Step           Time
         109000      109.00000

   Energies (kJ/mol)
        LJ (SR)   Coulomb (SR)   Coul. recip.      Potential    Kinetic En.
    1.69801e+04   -1.78509e+05    4.61455e+02   -1.61067e+05    2.96972e+04
   Total Energy  Conserved En.    Temperature Pressure (bar)
   -1.31370e+05   -1.57107e+05    3.06654e+02   -1.06156e+03


DD  step 109999 load imb.: force 22.7%  pme mesh/force 1.066
           Step           Time
         110000      110.00000

   Energies (kJ/mol)
        LJ (SR)   Coulomb (SR)   Coul. recip.      Potential    Kinetic En.
    1.71217e+04   -1.78916e+05    4.88014e+02   -1.61307e+05    2.92177e+04
   Total Energy  Conserved En.    Temperature Pressure (bar)
   -1.32089e+05   -1.57107e+05    3.01702e+02   -1.09224e+03


DD  step 110999 load imb.: force 20.8%  pme mesh/force 1.233
           Step           Time
         111000      111.00000

   Energies (kJ/mol)
        LJ (SR)   Coulomb (SR)   Coul. recip.      Potential    Kinetic En.
    1.70729e+04   -1.78639e+05    5.11523e+02   -1.61054e+05    2.94348e+04
   Total Energy  Conserved En.    Temperature Pressure (bar)
   -1.31620e+05   -1.57108e+05    3.03944e+02   -9.95171e+02


DD  step 111999 load imb.: force 24.8%  pme mesh/force 1.006
           Step           Time
         112000      112.00000

   Energies (kJ/mol)
        LJ (SR)   Coulomb (SR)   Coul. recip.      Potential    Kinetic En.
    1.71820e+04   -1.78917e+05    5.14159e+02   -1.61221e+05    2.93357e+04
   Total Energy  Conserved En.    Temperature Pressure (bar)
   -1.31886e+05   -1.57110e+05    3.02922e+02   -1.05814e+03


DD  step 112999 load imb.: force 21.0%  pme mesh/force 1.041
           Step           Time
         113000      113.00000

   Energies (kJ/mol)
        LJ (SR)   Coulomb (SR)   Coul. recip.      Potential    Kinetic En.
    1.71874e+04   -1.78360e+05    4.88922e+02   -1.60684e+05    2.88822e+04
   Total Energy  Conserved En.    Temperature Pressure (bar)
   -1.31802e+05   -1.57110e+05    2.98238e+02   -9.73961e+02


DD  step 113999 load imb.: force 19.5%  pme mesh/force 1.064
           Step           Time
         114000      114.00000

   Energies (kJ/mol)
        LJ (SR)   Coulomb (SR)   Coul. recip.      Potential    Kinetic En.
    1.67126e+04   -1.78446e+05    4.67595e+02   -1.61265e+05    2.91482e+04
   Total Energy  Conserved En.    Temperature Pressure (bar)
   -1.32117e+05   -1.57112e+05    3.00985e+02   -1.30351e+03


DD  step 114999 load imb.: force 21.2%  pme mesh/force 1.035
           Step           Time
         115000      115.00000

   Energies (kJ/mol)
        LJ (SR)   Coulomb (SR)   Coul. recip.      Potential    Kinetic En.
    1.60214e+04   -1.77795e+05    5.21066e+02   -1.61252e+05    2.86003e+04
   Total Energy  Conserved En.    Temperature Pressure (bar)
   -1.32652e+05   -1.57112e+05    2.95327e+02   -1.67212e+03


DD  step 115999 load imb.: force 23.7%  pme mesh/force 1.040
           Step           Time
         116000      116.00000

   Energies (kJ/mol)
        LJ (SR)   Coulomb (SR)   Coul. recip.      Potential    Kinetic En.
    1.76122e+04   -1.79473e+05    5.09186e+02   -1.61352e+05    2.87245e+04
   Total Energy  Conserved En.    Temperature Pressure (bar)
   -1.32627e+05   -1.57112e+05    2.96609e+02   -8.72954e+02


DD  step 116999 load imb.: force 23.8%  pme mesh/force 1.030
           Step           Time
         117000      117.00000

   Energies (kJ/mol)
        LJ (SR)   Coulomb (SR)   Coul. recip.      Potential    Kinetic En.
    1.75124e+04   -1.79275e+05    5.11173e+02   -1.61251e+05    2.92135e+04
   Total Energy  Conserved En.    Temperature Pressure (bar)
   -1.32038e+05   -1.57114e+05    3.01659e+02   -8.82447e+02


DD  step 117999 load imb.: force 23.3%  pme mesh/force 1.039
           Step           Time
         118000      118.00000

   Energies (kJ/mol)
        LJ (SR)   Coulomb (SR)   Coul. recip.      Potential    Kinetic En.
    1.67335e+04   -1.78403e+05    5.22428e+02   -1.61147e+05    2.90305e+04
   Total Energy  Conserved En.    Temperature Pressure (bar)
   -1.32116e+05   -1.57115e+05    2.99770e+02   -1.30425e+03


DD  step 118999 load imb.: force 20.2%  pme mesh/force 1.097
           Step           Time
         119000      119.00000

   Energies (kJ/mol)
        LJ (SR)   Coulomb (SR)   Coul. recip.      Potential    Kinetic En.
    1.74351e+04   -1.79204e+05    5.16455e+02   -1.61252e+05    2.84201e+04
   Total Energy  Conserved En.    Temperature Pressure (bar)
   -1.32832e+05   -1.57112e+05    2.93467e+02   -1.00335e+03


DD  step 119999 load imb.: force 17.8%  pme mesh/force 1.120
           Step           Time
         120000      120.00000

   Energies (kJ/mol)
        LJ (SR)   Coulomb (SR)   Coul. recip.      Potential    Kinetic En.
    1.74720e+04   -1.79123e+05    5.41290e+02   -1.61110e+05    2.91276e+04
   Total Energy  Conserved En.    Temperature Pressure (bar)
   -1.31983e+05   -1.57117e+05    3.00772e+02   -9.14695e+02


DD  step 120999 load imb.: force 27.1%  pme mesh/force 1.028
           Step           Time
         121000      121.00000

   Energies (kJ/mol)
        LJ (SR)   Coulomb (SR)   Coul. recip.      Potential    Kinetic En.
    1.67183e+04   -1.78722e+05    4.77282e+02   -1.61527e+05    2.93321e+04
   Total Energy  Conserved En.    Temperature Pressure (bar)
   -1.32195e+05   -1.57118e+05    3.02883e+02   -1.29598e+03


DD  step 121999 load imb.: force 17.7%  pme mesh/force 1.082
           Step           Time
         122000      122.00000

   Energies (kJ/mol)
        LJ (SR)   Coulomb (SR)   Coul. recip.      Potential    Kinetic En.
    1.68075e+04   -1.78761e+05    5.12406e+02   -1.61441e+05    2.86749e+04
   Total Energy  Conserved En.    Temperature Pressure (bar)
   -1.32766e+05   -1.57120e+05    2.96098e+02   -1.32968e+03


DD  step 122999 load imb.: force 22.8%  pme mesh/force 1.044
           Step           Time
         123000      123.00000

   Energies (kJ/mol)
        LJ (SR)   Coulomb (SR)   Coul. recip.      Potential    Kinetic En.
    1.77779e+04   -1.79408e+05    5.24587e+02   -1.61106e+05    2.94009e+04
   Total Energy  Conserved En.    Temperature Pressure (bar)
   -1.31705e+05   -1.57120e+05    3.03595e+02   -8.40154e+02


DD  step 123999 load imb.: force 25.7%  pme mesh/force 1.069
           Step           Time
         124000      124.00000

   Energies (kJ/mol)
        LJ (SR)   Coulomb (SR)   Coul. recip.      Potential    Kinetic En.
    1.67520e+04   -1.78274e+05    4.95804e+02   -1.61026e+05    2.88827e+04
   Total Energy  Conserved En.    Temperature Pressure (bar)
   -1.32143e+05   -1.57120e+05    2.98243e+02   -1.23634e+03


DD  step 124999 load imb.: force 25.6%  pme mesh/force 1.040
           Step           Time
         125000      125.00000

Writing checkpoint, step 125000 at Thu Sep 26 16:13:01 2024


   Energies (kJ/mol)
        LJ (SR)   Coulomb (SR)   Coul. recip.      Potential    Kinetic En.
    1.74700e+04   -1.80278e+05    4.95654e+02   -1.62312e+05    3.00090e+04
   Total Energy  Conserved En.    Temperature Pressure (bar)
   -1.32303e+05   -1.57123e+05    3.09874e+02   -1.05884e+03


Energy conservation over simulation part #1 of length 125 ps, time 0 to 125 ps
  Conserved energy drift: -5.11e-05 kJ/mol/ps per atom


	<======  ###############  ==>
	<====  A V E R A G E S  ====>
	<==  ###############  ======>

	Statistics over 125001 steps using 1251 frames

   Energies (kJ/mol)
        LJ (SR)   Coulomb (SR)   Coul. recip.      Potential    Kinetic En.
    1.71975e+04   -1.79273e+05    5.03851e+02   -1.61572e+05    2.88836e+04
   Total Energy  Conserved En.    Temperature Pressure (bar)
   -1.32688e+05   -1.57062e+05    2.98253e+02   -1.13170e+03

   Total Virial (kJ/mol)
    1.39106e+04    2.75301e+01   -3.07121e+00
    2.73059e+01    1.38965e+04   -6.18607e+00
   -3.11890e+00   -5.98433e+00    1.38552e+04

   Pressure (bar)
   -1.13844e+03   -5.18534e+00    1.30198e+00
   -5.12578e+00   -1.13470e+03    3.09776e+00
    1.31466e+00    3.04416e+00   -1.12196e+03


       P P   -   P M E   L O A D   B A L A N C I N G

 PP/PME load balancing changed the cut-off and PME settings:
           particle-particle                    PME
            rcoulomb  rlist            grid      spacing   1/beta
   initial  1.200 nm  1.201 nm      42  42  42   0.119 nm  0.384 nm
   final    1.250 nm  1.251 nm      40  40  40   0.125 nm  0.400 nm
 cost-ratio           1.13             0.86
 (note that these numbers concern only part of the total PP and PME load)


	M E G A - F L O P S   A C C O U N T I N G

 NB=Group-cutoff nonbonded kernels    NxN=N-by-N cluster Verlet kernels
 RF=Reaction-Field  VdW=Van der Waals  QSTab=quadratic-spline table
 W3=SPC/TIP3p  W4=TIP4p (single or pairs)
 V&F=Potential and force  V=Potential only  F=Force only

 Computing:                               M-Number         M-Flops  % Flops
-----------------------------------------------------------------------------
 Pair Search distance check            9451.505918       85063.553     0.1
 NxN Ewald Elec. + LJ [F]           1411800.082704   110120406.451    91.8
 NxN Ewald Elec. + LJ [V&F]           14272.162672     1841108.985     1.5
 NxN Ewald Elec. [F]                  74561.077008     4548225.697     3.8
 NxN Ewald Elec. [V&F]                  753.767248       63316.449     0.1
 Calc Weights                          4365.784926      157168.257     0.1
 Spread Q Bspline                     93136.745088      186273.490     0.2
 Gather F Bspline                     93136.745088      558820.471     0.5
 3D-FFT                              262673.005620     2101384.045     1.8
 Solve PME                             1016.618000       65063.552     0.1
 Reset In Box                            14.564142          43.692     0.0
 CG-CoM                                  14.575784          43.727     0.0
 Virial                                  25.823142         464.817     0.0
 Stop-CM                                 14.575784         145.758     0.0
 Calc-Ekin                               29.128284         786.464     0.0
 Constraint-V                          1453.523256       13081.709     0.0
 Constraint-Vir                          14.546628         349.119     0.0
 Settle                                 484.511628      179269.302     0.1
-----------------------------------------------------------------------------
 Total                                               119921015.539   100.0
-----------------------------------------------------------------------------


    D O M A I N   D E C O M P O S I T I O N   S T A T I S T I C S

 av. #atoms communicated per step for force:  2 x 138721.7


Dynamic load balancing report:
 DLB was off during the run due to low measured imbalance.
 Average load imbalance: 22.7%.
 The balanceable part of the MD step is 70%, load imbalance is computed from this.
 Part of the total run time spent waiting due to load imbalance: 15.8%.
 Average PME mesh/force load: 1.072
 Part of the total run time spent waiting due to PP/PME imbalance: 5.2 %

NOTE: 15.8 % of the available CPU time was lost due to load imbalance
      in the domain decomposition.
      Dynamic load balancing was automatically disabled, but it might be beneficial to manually turn it on (option -dlb yes.)
      You can also consider manually changing the decomposition (option -dd);
      e.g. by using fewer domains along the box dimension in which there is
      considerable inhomogeneity in the simulated system.
NOTE: 5.2 % performance was lost because the PME ranks
      had more work to do than the PP ranks.
      You might want to increase the number of PME ranks
      or increase the cut-off and the grid spacing.


      R E A L   C Y C L E   A N D   T I M E   A C C O U N T I N G

On 200 MPI ranks doing PP, and
on 40 MPI ranks doing PME

 Activity:              Num   Num      Call    Wall time         Giga-Cycles
                        Ranks Threads  Count      (s)         total sum    %
--------------------------------------------------------------------------------
 Domain decomp.          200    1       1251       0.438        253.316   1.2
 DD comm. load           200    1       1232       0.006          3.343   0.0
 Send X to PME           200    1     125001       0.073         42.419   0.2
 Neighbor search         200    1       1251       0.291        168.581   0.8
 Comm. coord.            200    1     123750       4.257       2463.013  12.1
 Force                   200    1     125001      14.448       8360.140  41.0
 Wait + Comm. F          200    1     125001       5.907       3418.130  16.7
 PME mesh *               40    1     125001      24.558       2841.912  13.9
 PME wait for PP *                                 4.629        535.656   2.6
 Wait + Recv. PME F      200    1     125001       2.705       1565.136   7.7
 NB X/F buffer ops.      200    1     372501       0.581        336.304   1.6
 Write traj.             200    1         26       0.002          0.942   0.0
 Update                  200    1     125001       0.103         59.726   0.3
 Constraints             200    1     125003       0.111         64.375   0.3
 Comm. energies          200    1       1251       0.327        189.212   0.9
 Rest                                              0.145         84.028   0.4
--------------------------------------------------------------------------------
 Total                                            29.395      20410.397 100.0
--------------------------------------------------------------------------------
(*) Note that with separate PME ranks, the walltime column actually sums to
    twice the total reported, but the cycle count total and % are correct.
--------------------------------------------------------------------------------
 Breakdown of PME mesh activities
--------------------------------------------------------------------------------
 PME redist. X/F          40    1     250002       9.496       1098.963   5.4
 PME spread               40    1     125001       3.476        402.203   2.0
 PME gather               40    1     125001       2.650        306.706   1.5
 PME 3D-FFT               40    1     250002       3.087        357.258   1.8
 PME 3D-FFT Comm.         40    1     500004       5.503        636.871   3.1
 PME solve Elec           40    1     125001       0.283         32.773   0.2
--------------------------------------------------------------------------------

               Core t (s)   Wall t (s)        (%)
       Time:     7054.654       29.395    23999.4
                 (ns/day)    (hour/ns)
Performance:      367.412        0.065
Finished mdrun on rank 0 Thu Sep 26 16:13:01 2024

