                      :-) GROMACS - gmx mdrun, 2023.3 (-:

Copyright 1991-2023 The GROMACS Authors.
GROMACS is free software; you can redistribute it and/or modify it
under the terms of the GNU Lesser General Public License
as published by the Free Software Foundation; either version 2.1
of the License, or (at your option) any later version.

                         Current GROMACS contributors:
       Mark Abraham           Andrey Alekseenko           Cathrine Bergh      
      Christian Blau            Eliane Briand             Mahesh Doijade      
    Stefan Fleischmann           Vytas Gapsys              Gaurav Garg        
      Sergey Gorelov         Gilles Gouaillardet            Alan Gray         
     M. Eric Irrgang         Farzaneh Jalalypour            Joe Jordan        
    Christoph Junghans        Prashanth Kanduri          Sebastian Keller     
     Carsten Kutzner           Justin A. Lemkul          Magnus Lundborg      
       Pascal Merz              Vedran Miletic            Dmitry Morozov      
       Szilard Pall             Roland Schulz             Michael Shirts      
     Alexey Shvetsov            Balint Soproni         David van der Spoel    
      Philip Turner             Carsten Uphoff           Alessandra Villa     
 Sebastian Wingbermuehle        Artem Zhmurov       

                         Previous GROMACS contributors:
        Emile Apol             Rossen Apostolov           James Barnett       
  Herman J.C. Berendsen          Par Bjelkmar           Viacheslav Bolnykh    
        Kevin Boyd            Aldert van Buuren          Carlo Camilloni      
     Rudi van Drunen            Anton Feenstra           Oliver Fleetwood     
     Gerrit Groenhof            Bert de Groot             Anca Hamuraru       
    Vincent Hindriksen          Victor Holanda           Aleksei Iupinov      
   Dimitrios Karkoulis           Peter Kasson             Sebastian Kehl      
        Jiri Kraus               Per Larsson              Viveca Lindahl      
      Erik Marklund           Pieter Meulenhoff           Teemu Murtola       
       Sander Pronk             Alfons Sijbers            Peter Tieleman      
       Jon Vincent             Teemu Virolainen         Christian Wennberg    
       Maarten Wolf       

                  Coordinated by the GROMACS project leaders:
                    Paul Bauer, Berk Hess, and Erik Lindahl

GROMACS:      gmx mdrun, version 2023.3
Executable:   /ext3/apps/gromacs/2023.3/openmpi/intel/bin/gmx_mpi
Data prefix:  /ext3/apps/gromacs/2023.3/openmpi/intel
Working dir:  /home/fh2268/comp-lab-class-2024/Week4-CharmmGuiSetup/Setup/Wat_NaCl/gromacs
Process ID:   238713
Command line:
  gmx_mpi mdrun -v -deffnm step5_1

GROMACS version:    2023.3
Precision:          mixed
Memory model:       64 bit
MPI library:        MPI
OpenMP support:     disabled
GPU support:        disabled
SIMD instructions:  AVX2_256
CPU FFT library:    fftw-3.3.8-sse2-avx-avx2-avx2_128
GPU FFT library:    none
Multi-GPU FFT:      none
RDTSCP usage:       enabled
TNG support:        enabled
Hwloc support:      disabled
Tracing support:    disabled
C compiler:         /share/apps/utils/intel/icc Intel 2021.5.0.20211109
C compiler flags:   -mavx2 -mfma -pthread -O3 -DNDEBUG
C++ compiler:       /share/apps/utils/intel/icpc Intel 2021.5.0.20211109
C++ compiler flags: -mavx2 -mfma -pthread -O3 -DNDEBUG
BLAS library:       External - detected on the system
LAPACK library:     External - detected on the system


Running on 10 nodes with total 240 cores, 240 processing units
  Cores per node:           24
  Logical processing units per node:   24
  OS CPU Limit / recommended threads to start per node:   24
Hardware detected on host cs072.hpc.nyu.edu (the node of MPI rank 0):
  CPU info:
    Vendor: Intel
    Brand:  Intel(R) Xeon(R) Platinum 8268 CPU @ 2.90GHz
    Family: 6   Model: 85   Stepping: 7
    Features: aes apic avx avx2 avx512f avx512cd avx512bw avx512vl avx512secondFMA clfsh cmov cx8 cx16 f16c fma htt intel lahf mmx msr nonstop_tsc pcid pclmuldq pdcm pdpe1gb popcnt pse rdrnd rdtscp sse2 sse3 sse4.1 sse4.2 ssse3 tdt x2apic
    Number of AVX-512 FMA units: 2
  Hardware topology: Basic
    Packages, cores, and logical processors:
    [indices refer to OS logical processors]
      Package  0: [   0] [   1] [   2] [   3] [   4] [   5] [   6] [   7] [   8] [   9] [  10] [  11] [  12] [  13] [  14] [  15] [  16] [  17] [  18] [  19] [  20] [  21] [  22] [  23]
    CPU limit set by OS: -1   Recommended max number of threads: 24

Likely fastest SIMD instructions supported by all nodes: AVX_512
SIMD instructions selected at compile time:              AVX2_256
Merely a note: it is unfortunately hard to know for sure which SIMD
instructons will perform best on this hardware. For non-GPU runs
on Intel CPUs with dual AVX-512 units, using AVX-512 can be good,
while AVX2 is often better for runs also using a GPU. Typically
this is just a few percent, so don't worry unless you are tuning.


++++ PLEASE READ AND CITE THE FOLLOWING REFERENCE ++++
M. J. Abraham, T. Murtola, R. Schulz, S. Páll, J. C. Smith, B. Hess, E.
Lindahl
GROMACS: High performance molecular simulations through multi-level
parallelism from laptops to supercomputers
SoftwareX 1 (2015) pp. 19-25
-------- -------- --- Thank You --- -------- --------


++++ PLEASE READ AND CITE THE FOLLOWING REFERENCE ++++
S. Páll, M. J. Abraham, C. Kutzner, B. Hess, E. Lindahl
Tackling Exascale Software Challenges in Molecular Dynamics Simulations with
GROMACS
In S. Markidis & E. Laure (Eds.), Solving Software Challenges for Exascale 8759 (2015) pp. 3-27
-------- -------- --- Thank You --- -------- --------


++++ PLEASE READ AND CITE THE FOLLOWING REFERENCE ++++
S. Pronk, S. Páll, R. Schulz, P. Larsson, P. Bjelkmar, R. Apostolov, M. R.
Shirts, J. C. Smith, P. M. Kasson, D. van der Spoel, B. Hess, and E. Lindahl
GROMACS 4.5: a high-throughput and highly parallel open source molecular
simulation toolkit
Bioinformatics 29 (2013) pp. 845-54
-------- -------- --- Thank You --- -------- --------


++++ PLEASE READ AND CITE THE FOLLOWING REFERENCE ++++
B. Hess and C. Kutzner and D. van der Spoel and E. Lindahl
GROMACS 4: Algorithms for highly efficient, load-balanced, and scalable
molecular simulation
J. Chem. Theory Comput. 4 (2008) pp. 435-447
-------- -------- --- Thank You --- -------- --------


++++ PLEASE READ AND CITE THE FOLLOWING REFERENCE ++++
D. van der Spoel, E. Lindahl, B. Hess, G. Groenhof, A. E. Mark and H. J. C.
Berendsen
GROMACS: Fast, Flexible and Free
J. Comp. Chem. 26 (2005) pp. 1701-1719
-------- -------- --- Thank You --- -------- --------


++++ PLEASE READ AND CITE THE FOLLOWING REFERENCE ++++
E. Lindahl and B. Hess and D. van der Spoel
GROMACS 3.0: A package for molecular simulation and trajectory analysis
J. Mol. Mod. 7 (2001) pp. 306-317
-------- -------- --- Thank You --- -------- --------


++++ PLEASE READ AND CITE THE FOLLOWING REFERENCE ++++
H. J. C. Berendsen, D. van der Spoel and R. van Drunen
GROMACS: A message-passing parallel molecular dynamics implementation
Comp. Phys. Comm. 91 (1995) pp. 43-56
-------- -------- --- Thank You --- -------- --------


++++ PLEASE CITE THE DOI FOR THIS VERSION OF GROMACS ++++
https://doi.org/10.5281/zenodo.10017686
-------- -------- --- Thank You --- -------- --------

Input Parameters:
   integrator                     = md
   tinit                          = 0
   dt                             = 0.002
   nsteps                         = 500000
   init-step                      = 0
   simulation-part                = 1
   mts                            = false
   comm-mode                      = Linear
   nstcomm                        = 100
   bd-fric                        = 0
   ld-seed                        = -277940227
   emtol                          = 10
   emstep                         = 0.01
   niter                          = 20
   fcstep                         = 0
   nstcgsteep                     = 1000
   nbfgscorr                      = 10
   rtpi                           = 0.05
   nstxout                        = 5000
   nstvout                        = 5000
   nstfout                        = 5000
   nstlog                         = 5000
   nstcalcenergy                  = 100
   nstenergy                      = 5000
   nstxout-compressed             = 50000
   compressed-x-precision         = 1000
   cutoff-scheme                  = Verlet
   nstlist                        = 20
   pbc                            = xyz
   periodic-molecules             = false
   verlet-buffer-tolerance        = 0.005
   rlist                          = 1.223
   coulombtype                    = PME
   coulomb-modifier               = Potential-shift
   rcoulomb-switch                = 0
   rcoulomb                       = 1.2
   epsilon-r                      = 1
   epsilon-rf                     = inf
   vdw-type                       = Cut-off
   vdw-modifier                   = Force-switch
   rvdw-switch                    = 1
   rvdw                           = 1.2
   DispCorr                       = No
   table-extension                = 1
   fourierspacing                 = 0.12
   fourier-nx                     = 42
   fourier-ny                     = 42
   fourier-nz                     = 42
   pme-order                      = 4
   ewald-rtol                     = 1e-05
   ewald-rtol-lj                  = 0.001
   lj-pme-comb-rule               = Geometric
   ewald-geometry                 = 3d
   epsilon-surface                = 0
   ensemble-temperature-setting   = constant
   ensemble-temperature           = 300
   tcoupl                         = V-rescale
   nsttcouple                     = 100
   nh-chain-length                = 0
   print-nose-hoover-chain-variables = false
   pcoupl                         = No
   pcoupltype                     = Isotropic
   nstpcouple                     = -1
   tau-p                          = 1
   compressibility (3x3):
      compressibility[    0]={ 0.00000e+00,  0.00000e+00,  0.00000e+00}
      compressibility[    1]={ 0.00000e+00,  0.00000e+00,  0.00000e+00}
      compressibility[    2]={ 0.00000e+00,  0.00000e+00,  0.00000e+00}
   ref-p (3x3):
      ref-p[    0]={ 0.00000e+00,  0.00000e+00,  0.00000e+00}
      ref-p[    1]={ 0.00000e+00,  0.00000e+00,  0.00000e+00}
      ref-p[    2]={ 0.00000e+00,  0.00000e+00,  0.00000e+00}
   refcoord-scaling               = No
   posres-com (3):
      posres-com[0]= 0.00000e+00
      posres-com[1]= 0.00000e+00
      posres-com[2]= 0.00000e+00
   posres-comB (3):
      posres-comB[0]= 0.00000e+00
      posres-comB[1]= 0.00000e+00
      posres-comB[2]= 0.00000e+00
   QMMM                           = false
qm-opts:
   ngQM                           = 0
   constraint-algorithm           = Lincs
   continuation                   = true
   Shake-SOR                      = false
   shake-tol                      = 0.0001
   lincs-order                    = 4
   lincs-iter                     = 1
   lincs-warnangle                = 30
   nwall                          = 0
   wall-type                      = 9-3
   wall-r-linpot                  = -1
   wall-atomtype[0]               = -1
   wall-atomtype[1]               = -1
   wall-density[0]                = 0
   wall-density[1]                = 0
   wall-ewald-zfac                = 3
   pull                           = false
   awh                            = false
   rotation                       = false
   interactiveMD                  = false
   disre                          = No
   disre-weighting                = Conservative
   disre-mixed                    = false
   dr-fc                          = 1000
   dr-tau                         = 0
   nstdisreout                    = 100
   orire-fc                       = 0
   orire-tau                      = 0
   nstorireout                    = 100
   free-energy                    = no
   cos-acceleration               = 0
   deform (3x3):
      deform[    0]={ 0.00000e+00,  0.00000e+00,  0.00000e+00}
      deform[    1]={ 0.00000e+00,  0.00000e+00,  0.00000e+00}
      deform[    2]={ 0.00000e+00,  0.00000e+00,  0.00000e+00}
   simulated-tempering            = false
   swapcoords                     = no
   userint1                       = 0
   userint2                       = 0
   userint3                       = 0
   userint4                       = 0
   userreal1                      = 0
   userreal2                      = 0
   userreal3                      = 0
   userreal4                      = 0
   applied-forces:
     electric-field:
       x:
         E0                       = 0
         omega                    = 0
         t0                       = 0
         sigma                    = 0
       y:
         E0                       = 0
         omega                    = 0
         t0                       = 0
         sigma                    = 0
       z:
         E0                       = 0
         omega                    = 0
         t0                       = 0
         sigma                    = 0
     density-guided-simulation:
       active                     = false
       group                      = protein
       similarity-measure         = inner-product
       atom-spreading-weight      = unity
       force-constant             = 1e+09
       gaussian-transform-spreading-width = 0.2
       gaussian-transform-spreading-range-in-multiples-of-width = 4
       reference-density-filename = reference.mrc
       nst                        = 1
       normalize-densities        = true
       adaptive-force-scaling     = false
       adaptive-force-scaling-time-constant = 4
       shift-vector               = 
       transformation-matrix      = 
     qmmm-cp2k:
       active                     = false
       qmgroup                    = System
       qmmethod                   = PBE
       qmfilenames                = 
       qmcharge                   = 0
       qmmultiplicity             = 1
grpopts:
   nrdf:       23295
   ref-t:         300
   tau-t:           1
annealing:          No
annealing-npoints:           0
   acc:	           0           0           0
   nfreeze:           N           N           N
   energygrp-flags[  0]: 0

Changing nstlist from 20 to 80, rlist from 1.223 to 1.32


Initializing Domain Decomposition on 240 ranks
Dynamic load balancing: auto
Using update groups, nr 3890, average size 3.0 atoms, max. radius 0.078 nm
Minimum cell size due to atom displacement: 0.442 nm
Scaling the initial minimum size with 1/0.8 (option -dds) = 1.25
Guess for relative PME load: 0.15
Will use 200 particle-particle and 40 PME only ranks
This is a guess, check the performance at the end of the log file
Using 40 separate PME ranks, as guessed by mdrun
Optimizing the DD grid for 200 cells with a minimum initial size of 0.553 nm
The maximum allowed number of cells is: X 9 Y 9 Z 9
Domain decomposition grid 8 x 5 x 5, separate PME ranks 40
PME domain decomposition: 8 x 5 x 1
Interleaving PP and PME ranks
This rank does only particle-particle work.
Domain decomposition rank 0, coordinates 0 0 0

The initial number of communication pulses is: X 3 Y 2 Z 2
The initial domain decomposition cell size is: X 0.62 nm Y 1.00 nm Z 1.00 nm

When dynamic load balancing gets turned on, these settings will change to:
The maximum number of communication pulses is: X 3 Y 3 Z 3
The minimum size for domain decomposition cells is 0.492 nm
The requested allowed shrink of DD cells (option -dds) is: 0.80
The allowed shrink of domain decomposition cells is: X 0.79 Y 0.49 Z 0.49
Using two step summing over 10 groups of on average 20.0 ranks


Using 240 MPI processes

Non-default thread affinity set, disabling internal thread affinity
System total charge: 0.000
Will do PME sum in reciprocal space for electrostatic interactions.

++++ PLEASE READ AND CITE THE FOLLOWING REFERENCE ++++
U. Essmann, L. Perera, M. L. Berkowitz, T. Darden, H. Lee and L. G. Pedersen 
A smooth particle mesh Ewald method
J. Chem. Phys. 103 (1995) pp. 8577-8592
-------- -------- --- Thank You --- -------- --------

Using a Gaussian width (1/beta) of 0.384195 nm for Ewald
Potential shift: LJ r^-12: -2.648e-01 r^-6: -5.349e-01, Ewald -8.333e-06
Initialized non-bonded Coulomb Ewald tables, spacing: 1.02e-03 size: 1176



Using SIMD 4x8 nonbonded short-range kernels

Using a dual 4x8 pair-list setup updated with dynamic pruning:
  outer list: updated every 80 steps, buffer 0.120 nm, rlist 1.320 nm
  inner list: updated every 13 steps, buffer 0.002 nm, rlist 1.202 nm
At tolerance 0.005 kJ/mol/ps per atom, equivalent classical 1x1 list would be:
  outer list: updated every 80 steps, buffer 0.264 nm, rlist 1.464 nm
  inner list: updated every 13 steps, buffer 0.052 nm, rlist 1.252 nm

The non-bonded pair calculation algorithm tolerates a few missing pair interactions close to the cut-off. This can lead to a systematic overestimation of the pressure due to missing LJ interactions. The error in the average pressure due to missing LJ interactions is at most 0.11 bar.
The pressure error can be controlled by setting the environment variable GMX_VERLET_BUFFER_PRESSURE_TOLERANCE to the allowed error in units of bar.

Linking all bonded interactions to atoms


++++ PLEASE READ AND CITE THE FOLLOWING REFERENCE ++++
S. Miyamoto and P. A. Kollman
SETTLE: An Analytical Version of the SHAKE and RATTLE Algorithms for Rigid
Water Models
J. Comp. Chem. 13 (1992) pp. 952-962
-------- -------- --- Thank You --- -------- --------


Intra-simulation communication will occur every 100 steps.

++++ PLEASE READ AND CITE THE FOLLOWING REFERENCE ++++
G. Bussi, D. Donadio and M. Parrinello
Canonical sampling through velocity rescaling
J. Chem. Phys. 126 (2007) pp. 014101
-------- -------- --- Thank You --- -------- --------

There are: 11642 Atoms
Atom distribution over 200 domains: av 58 stddev 9 min 39 max 78
Center of mass motion removal mode is Linear
We have the following groups for center of mass motion removal:
  0:  SOLV

Started mdrun on rank 0 Thu Sep 26 16:13:06 2024

           Step           Time
              0        0.00000

   Energies (kJ/mol)
        LJ (SR)   Coulomb (SR)   Coul. recip.      Potential    Kinetic En.
    1.74881e+04   -1.80352e+05    5.70077e+02   -1.62294e+05    3.02789e+04
   Total Energy  Conserved En.    Temperature Pressure (bar)
   -1.32015e+05   -1.32015e+05    3.12660e+02   -7.35722e+02


DD  step 79 load imb.: force 11.7%  pme mesh/force 0.843
           Step           Time
           5000       10.00000

   Energies (kJ/mol)
        LJ (SR)   Coulomb (SR)   Coul. recip.      Potential    Kinetic En.
    1.69957e+04   -1.78441e+05    5.79754e+02   -1.60866e+05    2.92089e+04
   Total Energy  Conserved En.    Temperature Pressure (bar)
   -1.31657e+05   -1.32117e+05    3.01611e+02   -1.06717e+03


DD  step 9999 load imb.: force 26.9%  pme mesh/force 1.103
           Step           Time
          10000       20.00000

   Energies (kJ/mol)
        LJ (SR)   Coulomb (SR)   Coul. recip.      Potential    Kinetic En.
    1.77533e+04   -1.79155e+05    5.99569e+02   -1.60802e+05    2.90490e+04
   Total Energy  Conserved En.    Temperature Pressure (bar)
   -1.31753e+05   -1.32103e+05    2.99960e+02   -7.47084e+02

           Step           Time
          15000       30.00000

   Energies (kJ/mol)
        LJ (SR)   Coulomb (SR)   Coul. recip.      Potential    Kinetic En.
    1.75431e+04   -1.79615e+05    5.55956e+02   -1.61516e+05    2.92438e+04
   Total Energy  Conserved En.    Temperature Pressure (bar)
   -1.32272e+05   -1.32102e+05    3.01973e+02   -9.49837e+02


DD  step 19999 load imb.: force 24.0%  pme mesh/force 1.214
           Step           Time
          20000       40.00000

   Energies (kJ/mol)
        LJ (SR)   Coulomb (SR)   Coul. recip.      Potential    Kinetic En.
    1.70674e+04   -1.79006e+05    5.60921e+02   -1.61378e+05    2.91689e+04
   Total Energy  Conserved En.    Temperature Pressure (bar)
   -1.32209e+05   -1.32087e+05    3.01198e+02   -1.12681e+03

step 20960: timed with pme grid 42 42 42, coulomb cutoff 1.200: 47.2 M-cycles
step 21120: timed with pme grid 36 36 36, coulomb cutoff 1.389: 49.5 M-cycles
step 21280: timed with pme grid 32 32 32, coulomb cutoff 1.563: 60.8 M-cycles
step 21440: timed with pme grid 36 36 36, coulomb cutoff 1.389: 50.7 M-cycles
step 21600: timed with pme grid 40 40 40, coulomb cutoff 1.250: 41.1 M-cycles
              optimal pme grid 40 40 40, coulomb cutoff 1.250
           Step           Time
          25000       50.00000

   Energies (kJ/mol)
        LJ (SR)   Coulomb (SR)   Coul. recip.      Potential    Kinetic En.
    1.67861e+04   -1.78467e+05    4.94685e+02   -1.61186e+05    2.89946e+04
   Total Energy  Conserved En.    Temperature Pressure (bar)
   -1.32191e+05   -1.32083e+05    2.99399e+02   -1.25936e+03


DD  step 29999 load imb.: force 24.2%  pme mesh/force 1.022
           Step           Time
          30000       60.00000

   Energies (kJ/mol)
        LJ (SR)   Coulomb (SR)   Coul. recip.      Potential    Kinetic En.
    1.71344e+04   -1.79603e+05    5.08557e+02   -1.61960e+05    2.91509e+04
   Total Energy  Conserved En.    Temperature Pressure (bar)
   -1.32809e+05   -1.32072e+05    3.01012e+02   -1.17707e+03

           Step           Time
          35000       70.00000

   Energies (kJ/mol)
        LJ (SR)   Coulomb (SR)   Coul. recip.      Potential    Kinetic En.
    1.73000e+04   -1.79207e+05    5.02733e+02   -1.61405e+05    2.90845e+04
   Total Energy  Conserved En.    Temperature Pressure (bar)
   -1.32320e+05   -1.32063e+05    3.00328e+02   -1.04995e+03


DD  step 39999 load imb.: force 23.8%  pme mesh/force 1.031
           Step           Time
          40000       80.00000

   Energies (kJ/mol)
        LJ (SR)   Coulomb (SR)   Coul. recip.      Potential    Kinetic En.
    1.66927e+04   -1.78022e+05    5.40708e+02   -1.60788e+05    2.91509e+04
   Total Energy  Conserved En.    Temperature Pressure (bar)
   -1.31638e+05   -1.32061e+05    3.01013e+02   -1.21255e+03

           Step           Time
          45000       90.00000

   Energies (kJ/mol)
        LJ (SR)   Coulomb (SR)   Coul. recip.      Potential    Kinetic En.
    1.68993e+04   -1.78697e+05    5.20340e+02   -1.61278e+05    2.89306e+04
   Total Energy  Conserved En.    Temperature Pressure (bar)
   -1.32347e+05   -1.32050e+05    2.98738e+02   -1.26521e+03


DD  step 49999 load imb.: force 22.7%  pme mesh/force 1.155
           Step           Time
          50000      100.00000

   Energies (kJ/mol)
        LJ (SR)   Coulomb (SR)   Coul. recip.      Potential    Kinetic En.
    1.70969e+04   -1.78802e+05    5.31815e+02   -1.61173e+05    2.93485e+04
   Total Energy  Conserved En.    Temperature Pressure (bar)
   -1.31825e+05   -1.32049e+05    3.03054e+02   -1.14379e+03

           Step           Time
          55000      110.00000

   Energies (kJ/mol)
        LJ (SR)   Coulomb (SR)   Coul. recip.      Potential    Kinetic En.
    1.76969e+04   -1.79097e+05    5.34355e+02   -1.60865e+05    2.92633e+04
   Total Energy  Conserved En.    Temperature Pressure (bar)
   -1.31602e+05   -1.32038e+05    3.02174e+02   -7.82095e+02


DD  step 59999 load imb.: force 22.4%  pme mesh/force 1.155
           Step           Time
          60000      120.00000

   Energies (kJ/mol)
        LJ (SR)   Coulomb (SR)   Coul. recip.      Potential    Kinetic En.
    1.69150e+04   -1.77954e+05    4.97557e+02   -1.60541e+05    2.89000e+04
   Total Energy  Conserved En.    Temperature Pressure (bar)
   -1.31641e+05   -1.32027e+05    2.98422e+02   -1.08285e+03

           Step           Time
          65000      130.00000

   Energies (kJ/mol)
        LJ (SR)   Coulomb (SR)   Coul. recip.      Potential    Kinetic En.
    1.77971e+04   -1.79903e+05    5.04506e+02   -1.61601e+05    2.90678e+04
   Total Energy  Conserved En.    Temperature Pressure (bar)
   -1.32534e+05   -1.32017e+05    3.00155e+02   -8.89213e+02


DD  step 69999 load imb.: force 25.7%  pme mesh/force 1.035
           Step           Time
          70000      140.00000

   Energies (kJ/mol)
        LJ (SR)   Coulomb (SR)   Coul. recip.      Potential    Kinetic En.
    1.66371e+04   -1.77954e+05    4.91646e+02   -1.60826e+05    2.90705e+04
   Total Energy  Conserved En.    Temperature Pressure (bar)
   -1.31755e+05   -1.32012e+05    3.00183e+02   -1.25733e+03

           Step           Time
          75000      150.00000

   Energies (kJ/mol)
        LJ (SR)   Coulomb (SR)   Coul. recip.      Potential    Kinetic En.
    1.74291e+04   -1.79749e+05    4.77429e+02   -1.61842e+05    2.94428e+04
   Total Energy  Conserved En.    Temperature Pressure (bar)
   -1.32399e+05   -1.32007e+05    3.04027e+02   -1.05288e+03


DD  step 79999 load imb.: force 22.7%  pme mesh/force 1.071
           Step           Time
          80000      160.00000

   Energies (kJ/mol)
        LJ (SR)   Coulomb (SR)   Coul. recip.      Potential    Kinetic En.
    1.73330e+04   -1.79361e+05    4.90487e+02   -1.61538e+05    2.86309e+04
   Total Energy  Conserved En.    Temperature Pressure (bar)
   -1.32907e+05   -1.31996e+05    2.95643e+02   -1.10704e+03

           Step           Time
          85000      170.00000

   Energies (kJ/mol)
        LJ (SR)   Coulomb (SR)   Coul. recip.      Potential    Kinetic En.
    1.74076e+04   -1.79636e+05    4.97626e+02   -1.61731e+05    2.91195e+04
   Total Energy  Conserved En.    Temperature Pressure (bar)
   -1.32612e+05   -1.31988e+05    3.00688e+02   -1.04072e+03


DD  step 89999 load imb.: force 26.4%  pme mesh/force 1.025
           Step           Time
          90000      180.00000

   Energies (kJ/mol)
        LJ (SR)   Coulomb (SR)   Coul. recip.      Potential    Kinetic En.
    1.70389e+04   -1.79316e+05    4.84250e+02   -1.61793e+05    2.91054e+04
   Total Energy  Conserved En.    Temperature Pressure (bar)
   -1.32687e+05   -1.31976e+05    3.00544e+02   -1.19612e+03

           Step           Time
          95000      190.00000

   Energies (kJ/mol)
        LJ (SR)   Coulomb (SR)   Coul. recip.      Potential    Kinetic En.
    1.69221e+04   -1.78610e+05    4.67408e+02   -1.61220e+05    2.90141e+04
   Total Energy  Conserved En.    Temperature Pressure (bar)
   -1.32206e+05   -1.31985e+05    2.99600e+02   -1.26013e+03


DD  step 99999 load imb.: force 22.1%  pme mesh/force 1.029
           Step           Time
         100000      200.00000

   Energies (kJ/mol)
        LJ (SR)   Coulomb (SR)   Coul. recip.      Potential    Kinetic En.
    1.68811e+04   -1.78804e+05    4.83782e+02   -1.61439e+05    2.85999e+04
   Total Energy  Conserved En.    Temperature Pressure (bar)
   -1.32839e+05   -1.31969e+05    2.95323e+02   -1.23191e+03

           Step           Time
         105000      210.00000

   Energies (kJ/mol)
        LJ (SR)   Coulomb (SR)   Coul. recip.      Potential    Kinetic En.
    1.77876e+04   -1.79687e+05    5.20108e+02   -1.61379e+05    2.90008e+04
   Total Energy  Conserved En.    Temperature Pressure (bar)
   -1.32379e+05   -1.31958e+05    2.99463e+02   -8.23941e+02


DD  step 109999 load imb.: force 24.5%  pme mesh/force 1.025
           Step           Time
         110000      220.00000

   Energies (kJ/mol)
        LJ (SR)   Coulomb (SR)   Coul. recip.      Potential    Kinetic En.
    1.62163e+04   -1.77514e+05    4.77376e+02   -1.60821e+05    2.90607e+04
   Total Energy  Conserved En.    Temperature Pressure (bar)
   -1.31760e+05   -1.31957e+05    3.00081e+02   -1.47545e+03

           Step           Time
         115000      230.00000

   Energies (kJ/mol)
        LJ (SR)   Coulomb (SR)   Coul. recip.      Potential    Kinetic En.
    1.70527e+04   -1.77892e+05    5.15975e+02   -1.60324e+05    2.88804e+04
   Total Energy  Conserved En.    Temperature Pressure (bar)
   -1.31443e+05   -1.31948e+05    2.98220e+02   -1.01519e+03


DD  step 119999 load imb.: force 24.7%  pme mesh/force 1.019
           Step           Time
         120000      240.00000

   Energies (kJ/mol)
        LJ (SR)   Coulomb (SR)   Coul. recip.      Potential    Kinetic En.
    1.74134e+04   -1.79528e+05    4.90746e+02   -1.61624e+05    2.91539e+04
   Total Energy  Conserved En.    Temperature Pressure (bar)
   -1.32470e+05   -1.31938e+05    3.01044e+02   -1.02421e+03

           Step           Time
         125000      250.00000

   Energies (kJ/mol)
        LJ (SR)   Coulomb (SR)   Coul. recip.      Potential    Kinetic En.
    1.64750e+04   -1.77727e+05    4.91521e+02   -1.60760e+05    2.91811e+04
   Total Energy  Conserved En.    Temperature Pressure (bar)
   -1.31579e+05   -1.31929e+05    3.01324e+02   -1.30056e+03


DD  step 129999 load imb.: force 19.4%  pme mesh/force 1.033
           Step           Time
         130000      260.00000

   Energies (kJ/mol)
        LJ (SR)   Coulomb (SR)   Coul. recip.      Potential    Kinetic En.
    1.75413e+04   -1.80028e+05    5.00559e+02   -1.61986e+05    2.87379e+04
   Total Energy  Conserved En.    Temperature Pressure (bar)
   -1.33248e+05   -1.31919e+05    2.96748e+02   -1.08134e+03

           Step           Time
         135000      270.00000

   Energies (kJ/mol)
        LJ (SR)   Coulomb (SR)   Coul. recip.      Potential    Kinetic En.
    1.69895e+04   -1.79237e+05    4.60226e+02   -1.61787e+05    2.87450e+04
   Total Energy  Conserved En.    Temperature Pressure (bar)
   -1.33042e+05   -1.31912e+05    2.96821e+02   -1.29156e+03


DD  step 139999 load imb.: force 23.3%  pme mesh/force 1.067
           Step           Time
         140000      280.00000

   Energies (kJ/mol)
        LJ (SR)   Coulomb (SR)   Coul. recip.      Potential    Kinetic En.
    1.72905e+04   -1.79447e+05    4.85004e+02   -1.61671e+05    2.94081e+04
   Total Energy  Conserved En.    Temperature Pressure (bar)
   -1.32263e+05   -1.31909e+05    3.03668e+02   -1.04478e+03

           Step           Time
         145000      290.00000

   Energies (kJ/mol)
        LJ (SR)   Coulomb (SR)   Coul. recip.      Potential    Kinetic En.
    1.69865e+04   -1.78655e+05    4.79514e+02   -1.61189e+05    2.91061e+04
   Total Energy  Conserved En.    Temperature Pressure (bar)
   -1.32083e+05   -1.31897e+05    3.00551e+02   -1.17337e+03


DD  step 149999 load imb.: force 23.3%  pme mesh/force 1.059
           Step           Time
         150000      300.00000

   Energies (kJ/mol)
        LJ (SR)   Coulomb (SR)   Coul. recip.      Potential    Kinetic En.
    1.75285e+04   -1.79223e+05    4.98533e+02   -1.61196e+05    2.88183e+04
   Total Energy  Conserved En.    Temperature Pressure (bar)
   -1.32378e+05   -1.31891e+05    2.97578e+02   -8.65306e+02

           Step           Time
         155000      310.00000

   Energies (kJ/mol)
        LJ (SR)   Coulomb (SR)   Coul. recip.      Potential    Kinetic En.
    1.68541e+04   -1.78607e+05    5.14965e+02   -1.61238e+05    2.89797e+04
   Total Energy  Conserved En.    Temperature Pressure (bar)
   -1.32258e+05   -1.31881e+05    2.99245e+02   -1.26838e+03


DD  step 159999 load imb.: force 24.2%  pme mesh/force 1.034
           Step           Time
         160000      320.00000

   Energies (kJ/mol)
        LJ (SR)   Coulomb (SR)   Coul. recip.      Potential    Kinetic En.
    1.71862e+04   -1.78523e+05    5.12489e+02   -1.60825e+05    2.95009e+04
   Total Energy  Conserved En.    Temperature Pressure (bar)
   -1.31324e+05   -1.31877e+05    3.04627e+02   -9.80800e+02

           Step           Time
         165000      330.00000

   Energies (kJ/mol)
        LJ (SR)   Coulomb (SR)   Coul. recip.      Potential    Kinetic En.
    1.72103e+04   -1.79327e+05    5.25032e+02   -1.61592e+05    2.90918e+04
   Total Energy  Conserved En.    Temperature Pressure (bar)
   -1.32500e+05   -1.31868e+05    3.00403e+02   -1.10349e+03


DD  step 169999 load imb.: force 26.0%  pme mesh/force 1.060
           Step           Time
         170000      340.00000

   Energies (kJ/mol)
        LJ (SR)   Coulomb (SR)   Coul. recip.      Potential    Kinetic En.
    1.73427e+04   -1.78684e+05    5.04132e+02   -1.60837e+05    2.93127e+04
   Total Energy  Conserved En.    Temperature Pressure (bar)
   -1.31524e+05   -1.31861e+05    3.02684e+02   -9.03784e+02

           Step           Time
         175000      350.00000

   Energies (kJ/mol)
        LJ (SR)   Coulomb (SR)   Coul. recip.      Potential    Kinetic En.
    1.64885e+04   -1.77894e+05    4.78989e+02   -1.60927e+05    2.94039e+04
   Total Energy  Conserved En.    Temperature Pressure (bar)
   -1.31523e+05   -1.31855e+05    3.03625e+02   -1.34983e+03


DD  step 179999 load imb.: force 27.4%  pme mesh/force 1.031
           Step           Time
         180000      360.00000

   Energies (kJ/mol)
        LJ (SR)   Coulomb (SR)   Coul. recip.      Potential    Kinetic En.
    1.70134e+04   -1.79048e+05    5.24695e+02   -1.61509e+05    2.86425e+04
   Total Energy  Conserved En.    Temperature Pressure (bar)
   -1.32867e+05   -1.31848e+05    2.95763e+02   -1.23983e+03

           Step           Time
         185000      370.00000

   Energies (kJ/mol)
        LJ (SR)   Coulomb (SR)   Coul. recip.      Potential    Kinetic En.
    1.72713e+04   -1.79719e+05    4.69385e+02   -1.61979e+05    2.88031e+04
   Total Energy  Conserved En.    Temperature Pressure (bar)
   -1.33176e+05   -1.31838e+05    2.97421e+02   -1.21618e+03


DD  step 189999 load imb.: force 22.9%  pme mesh/force 1.018
           Step           Time
         190000      380.00000

   Energies (kJ/mol)
        LJ (SR)   Coulomb (SR)   Coul. recip.      Potential    Kinetic En.
    1.71212e+04   -1.78688e+05    4.56742e+02   -1.61110e+05    2.88855e+04
   Total Energy  Conserved En.    Temperature Pressure (bar)
   -1.32224e+05   -1.31828e+05    2.98272e+02   -1.03437e+03

           Step           Time
         195000      390.00000

   Energies (kJ/mol)
        LJ (SR)   Coulomb (SR)   Coul. recip.      Potential    Kinetic En.
    1.68374e+04   -1.78117e+05    5.23432e+02   -1.60756e+05    2.96945e+04
   Total Energy  Conserved En.    Temperature Pressure (bar)
   -1.31062e+05   -1.31825e+05    3.06626e+02   -1.19037e+03


DD  step 199999 load imb.: force 23.6%  pme mesh/force 1.104
           Step           Time
         200000      400.00000

   Energies (kJ/mol)
        LJ (SR)   Coulomb (SR)   Coul. recip.      Potential    Kinetic En.
    1.69780e+04   -1.78632e+05    4.97423e+02   -1.61156e+05    2.92340e+04
   Total Energy  Conserved En.    Temperature Pressure (bar)
   -1.31922e+05   -1.31816e+05    3.01871e+02   -1.12010e+03

           Step           Time
         205000      410.00000

   Energies (kJ/mol)
        LJ (SR)   Coulomb (SR)   Coul. recip.      Potential    Kinetic En.
    1.73562e+04   -1.79423e+05    4.92315e+02   -1.61574e+05    2.87416e+04
   Total Energy  Conserved En.    Temperature Pressure (bar)
   -1.32833e+05   -1.31810e+05    2.96787e+02   -1.08616e+03


DD  step 209999 load imb.: force 27.2%  pme mesh/force 1.131
           Step           Time
         210000      420.00000

   Energies (kJ/mol)
        LJ (SR)   Coulomb (SR)   Coul. recip.      Potential    Kinetic En.
    1.67884e+04   -1.78832e+05    4.92452e+02   -1.61551e+05    2.90791e+04
   Total Energy  Conserved En.    Temperature Pressure (bar)
   -1.32472e+05   -1.31799e+05    3.00272e+02   -1.27719e+03

           Step           Time
         215000      430.00000

   Energies (kJ/mol)
        LJ (SR)   Coulomb (SR)   Coul. recip.      Potential    Kinetic En.
    1.70174e+04   -1.79373e+05    4.39071e+02   -1.61916e+05    2.87044e+04
   Total Energy  Conserved En.    Temperature Pressure (bar)
   -1.33212e+05   -1.31797e+05    2.96403e+02   -1.24002e+03


DD  step 219999 load imb.: force 28.2%  pme mesh/force 1.056
           Step           Time
         220000      440.00000

   Energies (kJ/mol)
        LJ (SR)   Coulomb (SR)   Coul. recip.      Potential    Kinetic En.
    1.73130e+04   -1.79423e+05    4.88897e+02   -1.61621e+05    2.90674e+04
   Total Energy  Conserved En.    Temperature Pressure (bar)
   -1.32554e+05   -1.31790e+05    3.00150e+02   -1.04728e+03

           Step           Time
         225000      450.00000

   Energies (kJ/mol)
        LJ (SR)   Coulomb (SR)   Coul. recip.      Potential    Kinetic En.
    1.71324e+04   -1.78478e+05    4.95155e+02   -1.60851e+05    2.91065e+04
   Total Energy  Conserved En.    Temperature Pressure (bar)
   -1.31744e+05   -1.31778e+05    3.00555e+02   -1.08550e+03


DD  step 229999 load imb.: force 25.1%  pme mesh/force 1.041
           Step           Time
         230000      460.00000

   Energies (kJ/mol)
        LJ (SR)   Coulomb (SR)   Coul. recip.      Potential    Kinetic En.
    1.70670e+04   -1.78572e+05    4.79413e+02   -1.61026e+05    2.93653e+04
   Total Energy  Conserved En.    Temperature Pressure (bar)
   -1.31661e+05   -1.31775e+05    3.03227e+02   -1.04488e+03

           Step           Time
         235000      470.00000

   Energies (kJ/mol)
        LJ (SR)   Coulomb (SR)   Coul. recip.      Potential    Kinetic En.
    1.77883e+04   -1.79807e+05    4.87821e+02   -1.61531e+05    2.89042e+04
   Total Energy  Conserved En.    Temperature Pressure (bar)
   -1.32627e+05   -1.31758e+05    2.98466e+02   -7.75649e+02


DD  step 239999 load imb.: force 23.2%  pme mesh/force 1.053
           Step           Time
         240000      480.00000

   Energies (kJ/mol)
        LJ (SR)   Coulomb (SR)   Coul. recip.      Potential    Kinetic En.
    1.70490e+04   -1.78585e+05    4.95740e+02   -1.61040e+05    2.85993e+04
   Total Energy  Conserved En.    Temperature Pressure (bar)
   -1.32441e+05   -1.31748e+05    2.95317e+02   -1.18430e+03

           Step           Time
         245000      490.00000

   Energies (kJ/mol)
        LJ (SR)   Coulomb (SR)   Coul. recip.      Potential    Kinetic En.
    1.70834e+04   -1.79283e+05    5.01441e+02   -1.61698e+05    2.90354e+04
   Total Energy  Conserved En.    Temperature Pressure (bar)
   -1.32663e+05   -1.31749e+05    2.99820e+02   -1.22830e+03


DD  step 249999 load imb.: force 24.9%  pme mesh/force 1.045
           Step           Time
         250000      500.00000

   Energies (kJ/mol)
        LJ (SR)   Coulomb (SR)   Coul. recip.      Potential    Kinetic En.
    1.75114e+04   -1.79698e+05    4.99047e+02   -1.61687e+05    2.96248e+04
   Total Energy  Conserved En.    Temperature Pressure (bar)
   -1.32062e+05   -1.31751e+05    3.05907e+02   -9.88706e+02

           Step           Time
         255000      510.00000

   Energies (kJ/mol)
        LJ (SR)   Coulomb (SR)   Coul. recip.      Potential    Kinetic En.
    1.73340e+04   -1.78938e+05    4.87657e+02   -1.61116e+05    2.85473e+04
   Total Energy  Conserved En.    Temperature Pressure (bar)
   -1.32569e+05   -1.31732e+05    2.94780e+02   -1.02304e+03


DD  step 259999 load imb.: force 22.3%  pme mesh/force 1.026
           Step           Time
         260000      520.00000

   Energies (kJ/mol)
        LJ (SR)   Coulomb (SR)   Coul. recip.      Potential    Kinetic En.
    1.73267e+04   -1.79791e+05    5.18369e+02   -1.61945e+05    2.92786e+04
   Total Energy  Conserved En.    Temperature Pressure (bar)
   -1.32667e+05   -1.31722e+05    3.02332e+02   -1.19252e+03

           Step           Time
         265000      530.00000

   Energies (kJ/mol)
        LJ (SR)   Coulomb (SR)   Coul. recip.      Potential    Kinetic En.
    1.72317e+04   -1.79650e+05    4.99188e+02   -1.61919e+05    2.91272e+04
   Total Energy  Conserved En.    Temperature Pressure (bar)
   -1.32792e+05   -1.31719e+05    3.00768e+02   -1.15995e+03


DD  step 269999 load imb.: force 23.2%  pme mesh/force 1.076
           Step           Time
         270000      540.00000

   Energies (kJ/mol)
        LJ (SR)   Coulomb (SR)   Coul. recip.      Potential    Kinetic En.
    1.71563e+04   -1.79358e+05    4.91666e+02   -1.61710e+05    2.89330e+04
   Total Energy  Conserved En.    Temperature Pressure (bar)
   -1.32777e+05   -1.31709e+05    2.98763e+02   -1.14152e+03

           Step           Time
         275000      550.00000

   Energies (kJ/mol)
        LJ (SR)   Coulomb (SR)   Coul. recip.      Potential    Kinetic En.
    1.66041e+04   -1.78622e+05    4.79300e+02   -1.61539e+05    2.87625e+04
   Total Energy  Conserved En.    Temperature Pressure (bar)
   -1.32776e+05   -1.31695e+05    2.97003e+02   -1.41669e+03


DD  step 279999 load imb.: force 24.7%  pme mesh/force 1.017
           Step           Time
         280000      560.00000

   Energies (kJ/mol)
        LJ (SR)   Coulomb (SR)   Coul. recip.      Potential    Kinetic En.
    1.70356e+04   -1.78672e+05    5.12192e+02   -1.61125e+05    2.96313e+04
   Total Energy  Conserved En.    Temperature Pressure (bar)
   -1.31493e+05   -1.31698e+05    3.05973e+02   -1.11130e+03

           Step           Time
         285000      570.00000

   Energies (kJ/mol)
        LJ (SR)   Coulomb (SR)   Coul. recip.      Potential    Kinetic En.
    1.71860e+04   -1.79648e+05    4.76618e+02   -1.61985e+05    2.85985e+04
   Total Energy  Conserved En.    Temperature Pressure (bar)
   -1.33387e+05   -1.31687e+05    2.95309e+02   -1.14058e+03


DD  step 289999 load imb.: force 23.5%  pme mesh/force 1.029
           Step           Time
         290000      580.00000

   Energies (kJ/mol)
        LJ (SR)   Coulomb (SR)   Coul. recip.      Potential    Kinetic En.
    1.71948e+04   -1.78467e+05    5.10186e+02   -1.60762e+05    2.89016e+04
   Total Energy  Conserved En.    Temperature Pressure (bar)
   -1.31861e+05   -1.31678e+05    2.98438e+02   -1.01975e+03

           Step           Time
         295000      590.00000

   Energies (kJ/mol)
        LJ (SR)   Coulomb (SR)   Coul. recip.      Potential    Kinetic En.
    1.67648e+04   -1.77744e+05    4.95332e+02   -1.60484e+05    2.90799e+04
   Total Energy  Conserved En.    Temperature Pressure (bar)
   -1.31404e+05   -1.31669e+05    3.00280e+02   -1.16159e+03


DD  step 299999 load imb.: force 25.7%  pme mesh/force 1.032
           Step           Time
         300000      600.00000

   Energies (kJ/mol)
        LJ (SR)   Coulomb (SR)   Coul. recip.      Potential    Kinetic En.
    1.73681e+04   -1.79062e+05    4.83880e+02   -1.61210e+05    2.90092e+04
   Total Energy  Conserved En.    Temperature Pressure (bar)
   -1.32201e+05   -1.31663e+05    2.99549e+02   -9.74814e+02

           Step           Time
         305000      610.00000

   Energies (kJ/mol)
        LJ (SR)   Coulomb (SR)   Coul. recip.      Potential    Kinetic En.
    1.70677e+04   -1.79213e+05    5.21612e+02   -1.61624e+05    2.92279e+04
   Total Energy  Conserved En.    Temperature Pressure (bar)
   -1.32396e+05   -1.31652e+05    3.01808e+02   -1.20171e+03


DD  step 309999 load imb.: force 22.9%  pme mesh/force 1.033
           Step           Time
         310000      620.00000

   Energies (kJ/mol)
        LJ (SR)   Coulomb (SR)   Coul. recip.      Potential    Kinetic En.
    1.74705e+04   -1.79070e+05    5.05504e+02   -1.61094e+05    2.90591e+04
   Total Energy  Conserved En.    Temperature Pressure (bar)
   -1.32035e+05   -1.31644e+05    3.00065e+02   -8.84328e+02

           Step           Time
         315000      630.00000

   Energies (kJ/mol)
        LJ (SR)   Coulomb (SR)   Coul. recip.      Potential    Kinetic En.
    1.68635e+04   -1.78613e+05    4.87524e+02   -1.61262e+05    2.92188e+04
   Total Energy  Conserved En.    Temperature Pressure (bar)
   -1.32043e+05   -1.31641e+05    3.01714e+02   -1.16421e+03


DD  step 319999 load imb.: force 24.8%  pme mesh/force 1.040
           Step           Time
         320000      640.00000

   Energies (kJ/mol)
        LJ (SR)   Coulomb (SR)   Coul. recip.      Potential    Kinetic En.
    1.71171e+04   -1.79224e+05    4.81002e+02   -1.61626e+05    2.84703e+04
   Total Energy  Conserved En.    Temperature Pressure (bar)
   -1.33155e+05   -1.31630e+05    2.93985e+02   -1.19956e+03

           Step           Time
         325000      650.00000

   Energies (kJ/mol)
        LJ (SR)   Coulomb (SR)   Coul. recip.      Potential    Kinetic En.
    1.69872e+04   -1.78972e+05    5.13542e+02   -1.61472e+05    2.91881e+04
   Total Energy  Conserved En.    Temperature Pressure (bar)
   -1.32283e+05   -1.31629e+05    3.01397e+02   -1.19478e+03


DD  step 329999 load imb.: force 23.2%  pme mesh/force 1.058
           Step           Time
         330000      660.00000

   Energies (kJ/mol)
        LJ (SR)   Coulomb (SR)   Coul. recip.      Potential    Kinetic En.
    1.62139e+04   -1.78218e+05    4.80327e+02   -1.61524e+05    2.94207e+04
   Total Energy  Conserved En.    Temperature Pressure (bar)
   -1.32103e+05   -1.31627e+05    3.03799e+02   -1.57636e+03

           Step           Time
         335000      670.00000

   Energies (kJ/mol)
        LJ (SR)   Coulomb (SR)   Coul. recip.      Potential    Kinetic En.
    1.69742e+04   -1.79030e+05    5.05799e+02   -1.61550e+05    2.89049e+04
   Total Energy  Conserved En.    Temperature Pressure (bar)
   -1.32645e+05   -1.31609e+05    2.98472e+02   -1.19748e+03


DD  step 339999 load imb.: force 20.7%  pme mesh/force 1.049
           Step           Time
         340000      680.00000

   Energies (kJ/mol)
        LJ (SR)   Coulomb (SR)   Coul. recip.      Potential    Kinetic En.
    1.73595e+04   -1.79290e+05    4.92419e+02   -1.61439e+05    2.90937e+04
   Total Energy  Conserved En.    Temperature Pressure (bar)
   -1.32345e+05   -1.31599e+05    3.00422e+02   -1.08147e+03

           Step           Time
         345000      690.00000

   Energies (kJ/mol)
        LJ (SR)   Coulomb (SR)   Coul. recip.      Potential    Kinetic En.
    1.72313e+04   -1.78837e+05    4.98405e+02   -1.61108e+05    2.94872e+04
   Total Energy  Conserved En.    Temperature Pressure (bar)
   -1.31621e+05   -1.31599e+05    3.04485e+02   -1.04870e+03


DD  step 349999 load imb.: force 20.3%  pme mesh/force 1.042
           Step           Time
         350000      700.00000

   Energies (kJ/mol)
        LJ (SR)   Coulomb (SR)   Coul. recip.      Potential    Kinetic En.
    1.68610e+04   -1.78030e+05    5.06615e+02   -1.60662e+05    2.87057e+04
   Total Energy  Conserved En.    Temperature Pressure (bar)
   -1.31956e+05   -1.31585e+05    2.96416e+02   -1.16414e+03

           Step           Time
         355000      710.00000

   Energies (kJ/mol)
        LJ (SR)   Coulomb (SR)   Coul. recip.      Potential    Kinetic En.
    1.68278e+04   -1.77610e+05    5.17500e+02   -1.60265e+05    2.91547e+04
   Total Energy  Conserved En.    Temperature Pressure (bar)
   -1.31110e+05   -1.31579e+05    3.01052e+02   -1.05262e+03


DD  step 359999 load imb.: force 23.6%  pme mesh/force 1.043
           Step           Time
         360000      720.00000

   Energies (kJ/mol)
        LJ (SR)   Coulomb (SR)   Coul. recip.      Potential    Kinetic En.
    1.66385e+04   -1.78153e+05    5.12907e+02   -1.61002e+05    2.94990e+04
   Total Energy  Conserved En.    Temperature Pressure (bar)
   -1.31503e+05   -1.31574e+05    3.04607e+02   -1.25823e+03

           Step           Time
         365000      730.00000

   Energies (kJ/mol)
        LJ (SR)   Coulomb (SR)   Coul. recip.      Potential    Kinetic En.
    1.73350e+04   -1.79767e+05    4.82828e+02   -1.61950e+05    2.84717e+04
   Total Energy  Conserved En.    Temperature Pressure (bar)
   -1.33478e+05   -1.31569e+05    2.94000e+02   -1.15334e+03


DD  step 369999 load imb.: force 25.1%  pme mesh/force 1.022
           Step           Time
         370000      740.00000

   Energies (kJ/mol)
        LJ (SR)   Coulomb (SR)   Coul. recip.      Potential    Kinetic En.
    1.72267e+04   -1.79155e+05    4.91341e+02   -1.61437e+05    2.91884e+04
   Total Energy  Conserved En.    Temperature Pressure (bar)
   -1.32248e+05   -1.31559e+05    3.01400e+02   -1.01631e+03

           Step           Time
         375000      750.00000

   Energies (kJ/mol)
        LJ (SR)   Coulomb (SR)   Coul. recip.      Potential    Kinetic En.
    1.70278e+04   -1.79010e+05    5.31755e+02   -1.61450e+05    2.87615e+04
   Total Energy  Conserved En.    Temperature Pressure (bar)
   -1.32689e+05   -1.31549e+05    2.96992e+02   -1.17413e+03


DD  step 379999 load imb.: force 23.5%  pme mesh/force 1.028
           Step           Time
         380000      760.00000

   Energies (kJ/mol)
        LJ (SR)   Coulomb (SR)   Coul. recip.      Potential    Kinetic En.
    1.68638e+04   -1.78275e+05    5.13535e+02   -1.60897e+05    2.90466e+04
   Total Energy  Conserved En.    Temperature Pressure (bar)
   -1.31851e+05   -1.31544e+05    2.99936e+02   -1.22243e+03

           Step           Time
         385000      770.00000

   Energies (kJ/mol)
        LJ (SR)   Coulomb (SR)   Coul. recip.      Potential    Kinetic En.
    1.72118e+04   -1.78380e+05    5.06967e+02   -1.60662e+05    2.86157e+04
   Total Energy  Conserved En.    Temperature Pressure (bar)
   -1.32046e+05   -1.31532e+05    2.95486e+02   -1.02186e+03


DD  step 389999 load imb.: force 23.8%  pme mesh/force 1.243
           Step           Time
         390000      780.00000

   Energies (kJ/mol)
        LJ (SR)   Coulomb (SR)   Coul. recip.      Potential    Kinetic En.
    1.71751e+04   -1.78936e+05    4.76545e+02   -1.61285e+05    2.89830e+04
   Total Energy  Conserved En.    Temperature Pressure (bar)
   -1.32302e+05   -1.31523e+05    2.99279e+02   -1.08033e+03

           Step           Time
         395000      790.00000

   Energies (kJ/mol)
        LJ (SR)   Coulomb (SR)   Coul. recip.      Potential    Kinetic En.
    1.65531e+04   -1.78265e+05    4.80464e+02   -1.61231e+05    2.89566e+04
   Total Energy  Conserved En.    Temperature Pressure (bar)
   -1.32274e+05   -1.31521e+05    2.99007e+02   -1.35219e+03


DD  step 399999 load imb.: force 18.9%  pme mesh/force 1.075
           Step           Time
         400000      800.00000

   Energies (kJ/mol)
        LJ (SR)   Coulomb (SR)   Coul. recip.      Potential    Kinetic En.
    1.71119e+04   -1.78284e+05    4.91432e+02   -1.60681e+05    2.91444e+04
   Total Energy  Conserved En.    Temperature Pressure (bar)
   -1.31536e+05   -1.31509e+05    3.00945e+02   -1.02245e+03

           Step           Time
         405000      810.00000

   Energies (kJ/mol)
        LJ (SR)   Coulomb (SR)   Coul. recip.      Potential    Kinetic En.
    1.78336e+04   -1.80296e+05    5.13892e+02   -1.61948e+05    2.84257e+04
   Total Energy  Conserved En.    Temperature Pressure (bar)
   -1.33522e+05   -1.31496e+05    2.93524e+02   -8.53356e+02


DD  step 409999 load imb.: force 20.3%  pme mesh/force 1.054
           Step           Time
         410000      820.00000

   Energies (kJ/mol)
        LJ (SR)   Coulomb (SR)   Coul. recip.      Potential    Kinetic En.
    1.77737e+04   -1.79704e+05    4.81364e+02   -1.61449e+05    2.90931e+04
   Total Energy  Conserved En.    Temperature Pressure (bar)
   -1.32356e+05   -1.31492e+05    3.00416e+02   -8.40089e+02

           Step           Time
         415000      830.00000

   Energies (kJ/mol)
        LJ (SR)   Coulomb (SR)   Coul. recip.      Potential    Kinetic En.
    1.65072e+04   -1.78791e+05    4.87417e+02   -1.61796e+05    2.93841e+04
   Total Energy  Conserved En.    Temperature Pressure (bar)
   -1.32412e+05   -1.31485e+05    3.03421e+02   -1.45484e+03


DD  step 419999 load imb.: force 27.8%  pme mesh/force 1.043
           Step           Time
         420000      840.00000

   Energies (kJ/mol)
        LJ (SR)   Coulomb (SR)   Coul. recip.      Potential    Kinetic En.
    1.69223e+04   -1.78263e+05    5.14535e+02   -1.60826e+05    2.89347e+04
   Total Energy  Conserved En.    Temperature Pressure (bar)
   -1.31892e+05   -1.31474e+05    2.98781e+02   -1.12808e+03

           Step           Time
         425000      850.00000

   Energies (kJ/mol)
        LJ (SR)   Coulomb (SR)   Coul. recip.      Potential    Kinetic En.
    1.68027e+04   -1.78248e+05    4.81050e+02   -1.60964e+05    2.87269e+04
   Total Energy  Conserved En.    Temperature Pressure (bar)
   -1.32237e+05   -1.31469e+05    2.96635e+02   -1.18064e+03


DD  step 429999 load imb.: force 25.4%  pme mesh/force 1.032
           Step           Time
         430000      860.00000

   Energies (kJ/mol)
        LJ (SR)   Coulomb (SR)   Coul. recip.      Potential    Kinetic En.
    1.71602e+04   -1.79090e+05    4.92508e+02   -1.61438e+05    2.84580e+04
   Total Energy  Conserved En.    Temperature Pressure (bar)
   -1.32980e+05   -1.31461e+05    2.93858e+02   -1.13766e+03

           Step           Time
         435000      870.00000

   Energies (kJ/mol)
        LJ (SR)   Coulomb (SR)   Coul. recip.      Potential    Kinetic En.
    1.67288e+04   -1.77172e+05    5.17897e+02   -1.59926e+05    2.92513e+04
   Total Energy  Conserved En.    Temperature Pressure (bar)
   -1.30674e+05   -1.31455e+05    3.02049e+02   -1.04559e+03


DD  step 439999 load imb.: force 25.2%  pme mesh/force 1.054
           Step           Time
         440000      880.00000

   Energies (kJ/mol)
        LJ (SR)   Coulomb (SR)   Coul. recip.      Potential    Kinetic En.
    1.66107e+04   -1.78508e+05    4.86352e+02   -1.61411e+05    2.86319e+04
   Total Energy  Conserved En.    Temperature Pressure (bar)
   -1.32779e+05   -1.31447e+05    2.95654e+02   -1.32677e+03

           Step           Time
         445000      890.00000

   Energies (kJ/mol)
        LJ (SR)   Coulomb (SR)   Coul. recip.      Potential    Kinetic En.
    1.71357e+04   -1.78780e+05    4.91190e+02   -1.61153e+05    2.93008e+04
   Total Energy  Conserved En.    Temperature Pressure (bar)
   -1.31852e+05   -1.31440e+05    3.02561e+02   -1.05411e+03


DD  step 449999 load imb.: force 22.6%  pme mesh/force 1.046
           Step           Time
         450000      900.00000

   Energies (kJ/mol)
        LJ (SR)   Coulomb (SR)   Coul. recip.      Potential    Kinetic En.
    1.64190e+04   -1.77443e+05    4.68135e+02   -1.60556e+05    2.88592e+04
   Total Energy  Conserved En.    Temperature Pressure (bar)
   -1.31696e+05   -1.31436e+05    2.98001e+02   -1.32739e+03

           Step           Time
         455000      910.00000

   Energies (kJ/mol)
        LJ (SR)   Coulomb (SR)   Coul. recip.      Potential    Kinetic En.
    1.70358e+04   -1.78203e+05    5.02892e+02   -1.60665e+05    2.90060e+04
   Total Energy  Conserved En.    Temperature Pressure (bar)
   -1.31659e+05   -1.31428e+05    2.99516e+02   -1.07590e+03


DD  step 459999 load imb.: force 24.1%  pme mesh/force 1.029
           Step           Time
         460000      920.00000

   Energies (kJ/mol)
        LJ (SR)   Coulomb (SR)   Coul. recip.      Potential    Kinetic En.
    1.68476e+04   -1.78999e+05    5.02087e+02   -1.61650e+05    2.90362e+04
   Total Energy  Conserved En.    Temperature Pressure (bar)
   -1.32614e+05   -1.31421e+05    2.99828e+02   -1.24754e+03

           Step           Time
         465000      930.00000

   Energies (kJ/mol)
        LJ (SR)   Coulomb (SR)   Coul. recip.      Potential    Kinetic En.
    1.78710e+04   -1.79809e+05    4.79026e+02   -1.61458e+05    2.90817e+04
   Total Energy  Conserved En.    Temperature Pressure (bar)
   -1.32377e+05   -1.31410e+05    3.00298e+02   -8.12604e+02


DD  step 469999 load imb.: force 20.5%  pme mesh/force 1.040
           Step           Time
         470000      940.00000

   Energies (kJ/mol)
        LJ (SR)   Coulomb (SR)   Coul. recip.      Potential    Kinetic En.
    1.66950e+04   -1.78211e+05    4.70279e+02   -1.61046e+05    2.91179e+04
   Total Energy  Conserved En.    Temperature Pressure (bar)
   -1.31928e+05   -1.31408e+05    3.00672e+02   -1.28321e+03

           Step           Time
         475000      950.00000

   Energies (kJ/mol)
        LJ (SR)   Coulomb (SR)   Coul. recip.      Potential    Kinetic En.
    1.69262e+04   -1.78746e+05    5.23598e+02   -1.61296e+05    2.87709e+04
   Total Energy  Conserved En.    Temperature Pressure (bar)
   -1.32525e+05   -1.31388e+05    2.97089e+02   -1.23172e+03


DD  step 479999 load imb.: force 23.3%  pme mesh/force 1.044
           Step           Time
         480000      960.00000

   Energies (kJ/mol)
        LJ (SR)   Coulomb (SR)   Coul. recip.      Potential    Kinetic En.
    1.67051e+04   -1.78372e+05    4.64536e+02   -1.61203e+05    2.89509e+04
   Total Energy  Conserved En.    Temperature Pressure (bar)
   -1.32252e+05   -1.31394e+05    2.98947e+02   -1.32317e+03

           Step           Time
         485000      970.00000

   Energies (kJ/mol)
        LJ (SR)   Coulomb (SR)   Coul. recip.      Potential    Kinetic En.
    1.72680e+04   -1.78990e+05    4.68512e+02   -1.61253e+05    2.88636e+04
   Total Energy  Conserved En.    Temperature Pressure (bar)
   -1.32390e+05   -1.31380e+05    2.98046e+02   -1.01511e+03


DD  step 489999 load imb.: force 22.3%  pme mesh/force 1.042
           Step           Time
         490000      980.00000

   Energies (kJ/mol)
        LJ (SR)   Coulomb (SR)   Coul. recip.      Potential    Kinetic En.
    1.67067e+04   -1.78705e+05    4.55074e+02   -1.61543e+05    2.88689e+04
   Total Energy  Conserved En.    Temperature Pressure (bar)
   -1.32675e+05   -1.31376e+05    2.98101e+02   -1.35557e+03

           Step           Time
         495000      990.00000

   Energies (kJ/mol)
        LJ (SR)   Coulomb (SR)   Coul. recip.      Potential    Kinetic En.
    1.73335e+04   -1.79874e+05    5.11579e+02   -1.62029e+05    2.92325e+04
   Total Energy  Conserved En.    Temperature Pressure (bar)
   -1.32797e+05   -1.31367e+05    3.01855e+02   -1.07493e+03


DD  step 499999 load imb.: force 24.9%  pme mesh/force 1.036
           Step           Time
         500000     1000.00000

Writing checkpoint, step 500000 at Thu Sep 26 16:14:59 2024


   Energies (kJ/mol)
        LJ (SR)   Coulomb (SR)   Coul. recip.      Potential    Kinetic En.
    1.70416e+04   -1.78976e+05    5.45465e+02   -1.61389e+05    2.91264e+04
   Total Energy  Conserved En.    Temperature Pressure (bar)
   -1.32263e+05   -1.31360e+05    3.00760e+02   -1.16544e+03


Energy conservation over simulation part #1 of length 1000 ps, time 0 to 1000 ps
  Conserved energy drift: 5.62e-05 kJ/mol/ps per atom


	<======  ###############  ==>
	<====  A V E R A G E S  ====>
	<==  ###############  ======>

	Statistics over 500001 steps using 5001 frames

   Energies (kJ/mol)
        LJ (SR)   Coulomb (SR)   Coul. recip.      Potential    Kinetic En.
    1.70905e+04   -1.78862e+05    4.99654e+02   -1.61271e+05    2.90380e+04
   Total Energy  Conserved En.    Temperature Pressure (bar)
   -1.32233e+05   -1.31739e+05    2.99847e+02   -1.12500e+03

   Total Virial (kJ/mol)
    1.39086e+04   -5.52467e+00    2.84323e+00
   -5.50732e+00    1.39191e+04    1.82696e+01
    2.82583e+00    1.82479e+01    1.39133e+04

   Pressure (bar)
   -1.12326e+03    1.37309e+00   -1.19455e-01
    1.36848e+00   -1.12656e+03   -4.22007e+00
   -1.14831e-01   -4.21429e+00   -1.12520e+03


       P P   -   P M E   L O A D   B A L A N C I N G

 PP/PME load balancing changed the cut-off and PME settings:
           particle-particle                    PME
            rcoulomb  rlist            grid      spacing   1/beta
   initial  1.200 nm  1.202 nm      42  42  42   0.119 nm  0.384 nm
   final    1.250 nm  1.252 nm      40  40  40   0.125 nm  0.400 nm
 cost-ratio           1.13             0.86
 (note that these numbers concern only part of the total PP and PME load)


	M E G A - F L O P S   A C C O U N T I N G

 NB=Group-cutoff nonbonded kernels    NxN=N-by-N cluster Verlet kernels
 RF=Reaction-Field  VdW=Van der Waals  QSTab=quadratic-spline table
 W3=SPC/TIP3p  W4=TIP4p (single or pairs)
 V&F=Potential and force  V=Potential only  F=Force only

 Computing:                               M-Number         M-Flops  % Flops
-----------------------------------------------------------------------------
 Pair Search distance check           48665.093336      437985.840     0.1
 NxN Ewald Elec. + LJ [F]           5923676.042800   462046731.338    91.9
 NxN Ewald Elec. + LJ [V&F]           59843.699248     7719837.203     1.5
 NxN Ewald Elec. [F]                 318766.930640    19444782.769     3.9
 NxN Ewald Elec. [V&F]                 3220.358064      270510.077     0.1
 Calc Weights                         17463.034926      628669.257     0.1
 Spread Q Bspline                    372544.745088      745089.490     0.1
 Gather F Bspline                    372544.745088     2235268.471     0.4
 3D-FFT                             1028859.110820     8230872.887     1.6
 Solve PME                             4016.248000      257039.872     0.1
 Reset In Box                            72.762500         218.288     0.0
 CG-CoM                                  72.774142         218.322     0.0
 Virial                                 103.230642        1858.152     0.0
 Stop-CM                                 58.221642         582.216     0.0
 Calc-Ekin                              116.443284        3143.969     0.0
 Constraint-V                          5814.011628       52326.105     0.0
 Constraint-Vir                          58.151628        1395.639     0.0
 Settle                                1938.003876      717061.434     0.1
-----------------------------------------------------------------------------
 Total                                               502793591.329   100.0
-----------------------------------------------------------------------------


    D O M A I N   D E C O M P O S I T I O N   S T A T I S T I C S

 av. #atoms communicated per step for force:  2 x 140177.5


Dynamic load balancing report:
 DLB was off during the run due to low measured imbalance.
 Average load imbalance: 23.4%.
 The balanceable part of the MD step is 71%, load imbalance is computed from this.
 Part of the total run time spent waiting due to load imbalance: 16.7%.
 Average PME mesh/force load: 1.053
 Part of the total run time spent waiting due to PP/PME imbalance: 3.9 %

NOTE: 16.7 % of the available CPU time was lost due to load imbalance
      in the domain decomposition.
      Dynamic load balancing was automatically disabled, but it might be beneficial to manually turn it on (option -dlb yes.)
      You can also consider manually changing the decomposition (option -dd);
      e.g. by using fewer domains along the box dimension in which there is
      considerable inhomogeneity in the simulated system.

      R E A L   C Y C L E   A N D   T I M E   A C C O U N T I N G

On 200 MPI ranks doing PP, and
on 40 MPI ranks doing PME

 Activity:              Num   Num      Call    Wall time         Giga-Cycles
                        Ranks Threads  Count      (s)         total sum    %
--------------------------------------------------------------------------------
 Domain decomp.          200    1       6250       1.773       1026.111   1.3
 DD comm. load           200    1       1250       0.007          4.019   0.0
 Send X to PME           200    1     500001       0.293        169.732   0.2
 Neighbor search         200    1       6251       1.478        855.418   1.1
 Comm. coord.            200    1     493750      17.026       9852.005  12.6
 Force                   200    1     500001      59.152      34227.123  43.8
 Wait + Comm. F          200    1     500001      23.696      13711.232  17.6
 PME mesh *               40    1     500001      97.418      11273.858  14.4
 PME wait for PP *                                14.862       1719.915   2.2
 Wait + Recv. PME F      200    1     500001       4.289       2481.913   3.2
 NB X/F buffer ops.      200    1    1487501       2.352       1361.121   1.7
 Write traj.             200    1        101       0.004          2.452   0.0
 Update                  200    1     500001       0.412        238.465   0.3
 Constraints             200    1     500001       0.445        257.440   0.3
 Comm. energies          200    1       5001       0.898        519.360   0.7
 Rest                                              0.663        383.915   0.5
--------------------------------------------------------------------------------
 Total                                           112.490      78108.365 100.0
--------------------------------------------------------------------------------
(*) Note that with separate PME ranks, the walltime column actually sums to
    twice the total reported, but the cycle count total and % are correct.
--------------------------------------------------------------------------------
 Breakdown of PME mesh activities
--------------------------------------------------------------------------------
 PME redist. X/F          40    1    1000002      37.904       4386.529   5.6
 PME spread               40    1     500001      13.681       1583.250   2.0
 PME gather               40    1     500001      10.386       1201.979   1.5
 PME 3D-FFT               40    1    1000002      11.846       1370.906   1.8
 PME 3D-FFT Comm.         40    1    2000004      22.240       2573.710   3.3
 PME solve Elec           40    1     500001       1.112        128.733   0.2
--------------------------------------------------------------------------------

               Core t (s)   Wall t (s)        (%)
       Time:    26997.433      112.490    23999.9
                 (ns/day)    (hour/ns)
Performance:      768.070        0.031
Finished mdrun on rank 0 Thu Sep 26 16:14:59 2024

